2025/06/04 06:37:44 Started Launch Tool 2.0.7
2025/06/04 06:37:44 Started as PID 18556
2025/06/04 06:37:44 Started with arguments []string{"C:\\Users\\oncioiu\\Infineon\\Tools\\InfineonGUIDesigner\\2.68.0.202504300855\\resources\\launch-tool.exe", "-f", "C:\\dev\\oneeye_aurix_examples_ads\\workspace\\OneEye_AllInOneUart_TC4X\\demo\\AllInOneUartBb.OneEye"}
2025/06/04 06:37:44 Started in directory C:\dev\oneeye_aurix_examples_ads\workspace\OneEye_AllInOneUart_TC4X\demo
2025/06/04 06:37:44 Reading tool data
2025/06/04 06:37:44 Reading "C:\\Users\\oncioiu\\Infineon\\Tools\\InfineonGUIDesigner\\2.68.0.202504300855\\resources\\tool-details.json"
2025/06/04 06:37:44 Validating tool data
2025/06/04 06:37:44 Starting tool &main.Tool{FeatureID:"com.ifx.tb.tool.oneeye3", Title:"Infineon GUI Designer - OneEye", Version:"2.68.0.202504300855", Path:"C:\\Users\\oncioiu\\Infineon\\Tools\\InfineonGUIDesigner\\2.68.0.202504300855\\bin\\bin\\InfineonGUIDesigner.exe"}
2025/06/04 06:37:44 Starting "C:\\Users\\oncioiu\\Infineon\\Tools\\InfineonGUIDesigner\\2.68.0.202504300855\\bin\\bin\\InfineonGUIDesigner.exe" with arguments []string{"-f", "C:\\dev\\oneeye_aurix_examples_ads\\workspace\\OneEye_AllInOneUart_TC4X\\demo\\AllInOneUartBb.OneEye"}
2025/06/04 06:37:44 Starting "C:\\Users\\oncioiu\\Infineon\\Tools\\InfineonGUIDesigner\\2.68.0.202504300855\\bin\\bin\\InfineonGUIDesigner.exe" in directory "C:\\Users\\oncioiu\\Infineon\\Tools\\InfineonGUIDesigner\\2.68.0.202504300855\\bin\\bin"
2025/06/04 06:37:44 Started "C:\\Users\\oncioiu\\Infineon\\Tools\\InfineonGUIDesigner\\2.68.0.202504300855\\bin\\bin\\InfineonGUIDesigner.exe" as PID 3532
2025/06/04 06:37:44 Starting Launcher Service
2025/06/04 06:37:44 Starting "C:\\Users\\oncioiu\\Infineon\\LauncherService\\idc-launcher-service.exe" with arguments []string{"-featureid", "com.ifx.tb.tool.oneeye3:2.68.0.202504300855", "-notification", "-toolbox.service", "checkUpdate com.ifx.tb.tool.oneeye3"}
2025/06/04 06:37:44 Starting "C:\\Users\\oncioiu\\Infineon\\LauncherService\\idc-launcher-service.exe" in directory "C:\\Users\\oncioiu\\Infineon\\LauncherService"
2025/06/04 06:37:44 Started "C:\\Users\\oncioiu\\Infineon\\LauncherService\\idc-launcher-service.exe" as PID 22100
2025/06/04 08:04:01 Started Launch Tool 2.0.7
2025/06/04 08:04:01 Started as PID 1712
2025/06/04 08:04:01 Started with arguments []string{"C:\\Users\\oncioiu\\Infineon\\Tools\\InfineonGUIDesigner\\2.68.0.202504300855\\resources\\launch-tool.exe", "-f", "C:\\dev\\oneeye_aurix_examples_ads\\workspace\\OneEye_AllInOneUart_TC4X\\demo\\AllInOneUartBb.OneEye"}
2025/06/04 08:04:01 Started in directory C:\dev\oneeye_aurix_examples_ads\workspace\OneEye_AllInOneUart_TC4X\demo
2025/06/04 08:04:01 Reading tool data
2025/06/04 08:04:01 Reading "C:\\Users\\oncioiu\\Infineon\\Tools\\InfineonGUIDesigner\\2.68.0.202504300855\\resources\\tool-details.json"
2025/06/04 08:04:01 Validating tool data
2025/06/04 08:04:01 Starting tool &main.Tool{FeatureID:"com.ifx.tb.tool.oneeye3", Title:"Infineon GUI Designer - OneEye", Version:"2.68.0.202504300855", Path:"C:\\Users\\oncioiu\\Infineon\\Tools\\InfineonGUIDesigner\\2.68.0.202504300855\\bin\\bin\\InfineonGUIDesigner.exe"}
2025/06/04 08:04:01 Starting "C:\\Users\\oncioiu\\Infineon\\Tools\\InfineonGUIDesigner\\2.68.0.202504300855\\bin\\bin\\InfineonGUIDesigner.exe" with arguments []string{"-f", "C:\\dev\\oneeye_aurix_examples_ads\\workspace\\OneEye_AllInOneUart_TC4X\\demo\\AllInOneUartBb.OneEye"}
2025/06/04 08:04:01 Starting "C:\\Users\\oncioiu\\Infineon\\Tools\\InfineonGUIDesigner\\2.68.0.202504300855\\bin\\bin\\InfineonGUIDesigner.exe" in directory "C:\\Users\\oncioiu\\Infineon\\Tools\\InfineonGUIDesigner\\2.68.0.202504300855\\bin\\bin"
2025/06/04 08:04:01 Started "C:\\Users\\oncioiu\\Infineon\\Tools\\InfineonGUIDesigner\\2.68.0.202504300855\\bin\\bin\\InfineonGUIDesigner.exe" as PID 21492
2025/06/04 08:04:01 Starting Launcher Service
2025/06/04 08:04:01 Starting "C:\\Users\\oncioiu\\Infineon\\LauncherService\\idc-launcher-service.exe" with arguments []string{"-featureid", "com.ifx.tb.tool.oneeye3:2.68.0.202504300855", "-notification", "-toolbox.service", "checkUpdate com.ifx.tb.tool.oneeye3"}
2025/06/04 08:04:01 Starting "C:\\Users\\oncioiu\\Infineon\\LauncherService\\idc-launcher-service.exe" in directory "C:\\Users\\oncioiu\\Infineon\\LauncherService"
2025/06/04 08:04:01 Started "C:\\Users\\oncioiu\\Infineon\\LauncherService\\idc-launcher-service.exe" as PID 3188
2025/06/04 08:13:34 Started Launch Tool 2.0.7
2025/06/04 08:13:34 Started as PID 18800
2025/06/04 08:13:34 Started with arguments []string{"C:\\Users\\oncioiu\\Infineon\\Tools\\InfineonGUIDesigner\\2.68.0.202504300855\\resources\\launch-tool.exe", "-f", "C:\\dev\\oneeye_aurix_examples_ads\\workspace\\OneEye_AllInOneUart_TC4X\\demo\\AllInOneUartBb.OneEye"}
2025/06/04 08:13:34 Started in directory C:\dev\oneeye_aurix_examples_ads\workspace\OneEye_AllInOneUart_TC4X\demo
2025/06/04 08:13:34 Reading tool data
2025/06/04 08:13:34 Reading "C:\\Users\\oncioiu\\Infineon\\Tools\\InfineonGUIDesigner\\2.68.0.202504300855\\resources\\tool-details.json"
2025/06/04 08:13:34 Validating tool data
2025/06/04 08:13:34 Starting tool &main.Tool{FeatureID:"com.ifx.tb.tool.oneeye3", Title:"Infineon GUI Designer - OneEye", Version:"2.68.0.202504300855", Path:"C:\\Users\\oncioiu\\Infineon\\Tools\\InfineonGUIDesigner\\2.68.0.202504300855\\bin\\bin\\InfineonGUIDesigner.exe"}
2025/06/04 08:13:34 Starting "C:\\Users\\oncioiu\\Infineon\\Tools\\InfineonGUIDesigner\\2.68.0.202504300855\\bin\\bin\\InfineonGUIDesigner.exe" with arguments []string{"-f", "C:\\dev\\oneeye_aurix_examples_ads\\workspace\\OneEye_AllInOneUart_TC4X\\demo\\AllInOneUartBb.OneEye"}
2025/06/04 08:13:34 Starting "C:\\Users\\oncioiu\\Infineon\\Tools\\InfineonGUIDesigner\\2.68.0.202504300855\\bin\\bin\\InfineonGUIDesigner.exe" in directory "C:\\Users\\oncioiu\\Infineon\\Tools\\InfineonGUIDesigner\\2.68.0.202504300855\\bin\\bin"
2025/06/04 08:13:34 Started "C:\\Users\\oncioiu\\Infineon\\Tools\\InfineonGUIDesigner\\2.68.0.202504300855\\bin\\bin\\InfineonGUIDesigner.exe" as PID 9252
2025/06/04 08:13:34 Starting Launcher Service
2025/06/04 08:13:34 Starting "C:\\Users\\oncioiu\\Infineon\\LauncherService\\idc-launcher-service.exe" with arguments []string{"-featureid", "com.ifx.tb.tool.oneeye3:2.68.0.202504300855", "-notification", "-toolbox.service", "checkUpdate com.ifx.tb.tool.oneeye3"}
2025/06/04 08:13:34 Starting "C:\\Users\\oncioiu\\Infineon\\LauncherService\\idc-launcher-service.exe" in directory "C:\\Users\\oncioiu\\Infineon\\LauncherService"
2025/06/04 08:13:34 Started "C:\\Users\\oncioiu\\Infineon\\LauncherService\\idc-launcher-service.exe" as PID 9436
2025/06/04 08:13:53 Started Launch Tool 2.0.7
2025/06/04 08:13:53 Started as PID 6584
2025/06/04 08:13:53 Started with arguments []string{"C:\\Users\\oncioiu\\Infineon\\Tools\\InfineonGUIDesigner\\2.68.0.202504300855\\resources\\launch-tool.exe", "-f", "C:\\dev\\oneeye_aurix_examples_ads\\workspace\\OneEye_AllInOneUart_TC4X\\demo\\AllInOneUartBb.OneEye"}
2025/06/04 08:13:53 Started in directory C:\dev\oneeye_aurix_examples_ads\workspace\OneEye_AllInOneUart_TC4X\demo
2025/06/04 08:13:53 Reading tool data
2025/06/04 08:13:53 Reading "C:\\Users\\oncioiu\\Infineon\\Tools\\InfineonGUIDesigner\\2.68.0.202504300855\\resources\\tool-details.json"
2025/06/04 08:13:53 Validating tool data
2025/06/04 08:13:53 Starting tool &main.Tool{FeatureID:"com.ifx.tb.tool.oneeye3", Title:"Infineon GUI Designer - OneEye", Version:"2.68.0.202504300855", Path:"C:\\Users\\oncioiu\\Infineon\\Tools\\InfineonGUIDesigner\\2.68.0.202504300855\\bin\\bin\\InfineonGUIDesigner.exe"}
2025/06/04 08:13:53 Starting "C:\\Users\\oncioiu\\Infineon\\Tools\\InfineonGUIDesigner\\2.68.0.202504300855\\bin\\bin\\InfineonGUIDesigner.exe" with arguments []string{"-f", "C:\\dev\\oneeye_aurix_examples_ads\\workspace\\OneEye_AllInOneUart_TC4X\\demo\\AllInOneUartBb.OneEye"}
2025/06/04 08:13:53 Starting "C:\\Users\\oncioiu\\Infineon\\Tools\\InfineonGUIDesigner\\2.68.0.202504300855\\bin\\bin\\InfineonGUIDesigner.exe" in directory "C:\\Users\\oncioiu\\Infineon\\Tools\\InfineonGUIDesigner\\2.68.0.202504300855\\bin\\bin"
2025/06/04 08:13:53 Started "C:\\Users\\oncioiu\\Infineon\\Tools\\InfineonGUIDesigner\\2.68.0.202504300855\\bin\\bin\\InfineonGUIDesigner.exe" as PID 18400
2025/06/04 08:13:53 Starting Launcher Service
2025/06/04 08:13:53 Starting "C:\\Users\\oncioiu\\Infineon\\LauncherService\\idc-launcher-service.exe" with arguments []string{"-featureid", "com.ifx.tb.tool.oneeye3:2.68.0.202504300855", "-notification", "-toolbox.service", "checkUpdate com.ifx.tb.tool.oneeye3"}
2025/06/04 08:13:53 Starting "C:\\Users\\oncioiu\\Infineon\\LauncherService\\idc-launcher-service.exe" in directory "C:\\Users\\oncioiu\\Infineon\\LauncherService"
2025/06/04 08:13:53 Started "C:\\Users\\oncioiu\\Infineon\\LauncherService\\idc-launcher-service.exe" as PID 11936
2025/06/10 06:32:36 Started Launch Tool 2.0.7
2025/06/10 06:32:36 Started as PID 22760
2025/06/10 06:32:36 Started with arguments []string{"C:\\Users\\oncioiu\\Infineon\\Tools\\InfineonGUIDesigner\\2.68.0.202504300855\\resources\\launch-tool.exe", "-f", "C:\\dev\\oneeye_aurix_examples_ads\\workspace\\OneEye_UART_AllInOne_1_KIT_TC499_TRB\\demo\\AllInOneUartBb.OneEye"}
2025/06/10 06:32:36 Started in directory C:\dev\oneeye_aurix_examples_ads\workspace\OneEye_UART_AllInOne_1_KIT_TC499_TRB\demo
2025/06/10 06:32:36 Reading tool data
2025/06/10 06:32:36 Reading "C:\\Users\\oncioiu\\Infineon\\Tools\\InfineonGUIDesigner\\2.68.0.202504300855\\resources\\tool-details.json"
2025/06/10 06:32:36 Validating tool data
2025/06/10 06:32:36 Starting tool &main.Tool{FeatureID:"com.ifx.tb.tool.oneeye3", Title:"Infineon GUI Designer - OneEye", Version:"2.68.0.202504300855", Path:"C:\\Users\\oncioiu\\Infineon\\Tools\\InfineonGUIDesigner\\2.68.0.202504300855\\bin\\bin\\InfineonGUIDesigner.exe"}
2025/06/10 06:32:36 Starting "C:\\Users\\oncioiu\\Infineon\\Tools\\InfineonGUIDesigner\\2.68.0.202504300855\\bin\\bin\\InfineonGUIDesigner.exe" with arguments []string{"-f", "C:\\dev\\oneeye_aurix_examples_ads\\workspace\\OneEye_UART_AllInOne_1_KIT_TC499_TRB\\demo\\AllInOneUartBb.OneEye"}
2025/06/10 06:32:36 Starting "C:\\Users\\oncioiu\\Infineon\\Tools\\InfineonGUIDesigner\\2.68.0.202504300855\\bin\\bin\\InfineonGUIDesigner.exe" in directory "C:\\Users\\oncioiu\\Infineon\\Tools\\InfineonGUIDesigner\\2.68.0.202504300855\\bin\\bin"
2025/06/10 06:32:36 Started "C:\\Users\\oncioiu\\Infineon\\Tools\\InfineonGUIDesigner\\2.68.0.202504300855\\bin\\bin\\InfineonGUIDesigner.exe" as PID 26444
2025/06/10 06:32:36 Starting Launcher Service
2025/06/10 06:32:36 Starting "C:\\Users\\oncioiu\\Infineon\\LauncherService\\idc-launcher-service.exe" with arguments []string{"-featureid", "com.ifx.tb.tool.oneeye3:2.68.0.202504300855", "-notification", "-toolbox.service", "checkUpdate com.ifx.tb.tool.oneeye3"}
2025/06/10 06:32:36 Starting "C:\\Users\\oncioiu\\Infineon\\LauncherService\\idc-launcher-service.exe" in directory "C:\\Users\\oncioiu\\Infineon\\LauncherService"
2025/06/10 06:32:36 Started "C:\\Users\\oncioiu\\Infineon\\LauncherService\\idc-launcher-service.exe" as PID 14920
2025/06/10 10:57:57 Started Launch Tool 2.0.7
2025/06/10 10:57:57 Started as PID 39432
2025/06/10 10:57:57 Started with arguments []string{"C:\\Users\\oncioiu\\Infineon\\Tools\\InfineonGUIDesigner\\2.68.0.202504300855\\resources\\launch-tool.exe", "-f", "C:\\dev\\oneeye_aurix_examples_ads\\workspace\\OneEye_UART_AllInOne_1_KIT_TC499_TRB\\demo\\AllInOneUartBb.OneEye"}
2025/06/10 10:57:57 Started in directory C:\dev\oneeye_aurix_examples_ads\workspace\OneEye_UART_AllInOne_1_KIT_TC499_TRB\demo
2025/06/10 10:57:57 Reading tool data
2025/06/10 10:57:57 Reading "C:\\Users\\oncioiu\\Infineon\\Tools\\InfineonGUIDesigner\\2.68.0.202504300855\\resources\\tool-details.json"
2025/06/10 10:57:57 Validating tool data
2025/06/10 10:57:57 Starting tool &main.Tool{FeatureID:"com.ifx.tb.tool.oneeye3", Title:"Infineon GUI Designer - OneEye", Version:"2.68.0.202504300855", Path:"C:\\Users\\oncioiu\\Infineon\\Tools\\InfineonGUIDesigner\\2.68.0.202504300855\\bin\\bin\\InfineonGUIDesigner.exe"}
2025/06/10 10:57:57 Starting "C:\\Users\\oncioiu\\Infineon\\Tools\\InfineonGUIDesigner\\2.68.0.202504300855\\bin\\bin\\InfineonGUIDesigner.exe" with arguments []string{"-f", "C:\\dev\\oneeye_aurix_examples_ads\\workspace\\OneEye_UART_AllInOne_1_KIT_TC499_TRB\\demo\\AllInOneUartBb.OneEye"}
2025/06/10 10:57:57 Starting "C:\\Users\\oncioiu\\Infineon\\Tools\\InfineonGUIDesigner\\2.68.0.202504300855\\bin\\bin\\InfineonGUIDesigner.exe" in directory "C:\\Users\\oncioiu\\Infineon\\Tools\\InfineonGUIDesigner\\2.68.0.202504300855\\bin\\bin"
2025/06/10 10:57:57 Started "C:\\Users\\oncioiu\\Infineon\\Tools\\InfineonGUIDesigner\\2.68.0.202504300855\\bin\\bin\\InfineonGUIDesigner.exe" as PID 18764
2025/06/10 10:57:57 Starting Launcher Service
2025/06/10 10:57:57 Starting "C:\\Users\\oncioiu\\Infineon\\LauncherService\\idc-launcher-service.exe" with arguments []string{"-featureid", "com.ifx.tb.tool.oneeye3:2.68.0.202504300855", "-notification", "-toolbox.service", "checkUpdate com.ifx.tb.tool.oneeye3"}
2025/06/10 10:57:57 Starting "C:\\Users\\oncioiu\\Infineon\\LauncherService\\idc-launcher-service.exe" in directory "C:\\Users\\oncioiu\\Infineon\\LauncherService"
2025/06/10 10:57:58 Started "C:\\Users\\oncioiu\\Infineon\\LauncherService\\idc-launcher-service.exe" as PID 4120
2025/06/10 10:58:09 Started Launch Tool 2.0.7
2025/06/10 10:58:09 Started as PID 22448
2025/06/10 10:58:09 Started with arguments []string{"C:\\Users\\oncioiu\\Infineon\\Tools\\InfineonGUIDesigner\\2.68.0.202504300855\\resources\\launch-tool.exe", "-f", "C:\\dev\\oneeye_aurix_examples_ads\\workspace\\OneEye_UART_AllInOne_1_KIT_TC499_TRB\\demo\\AllInOneUartBb.OneEye"}
2025/06/10 10:58:09 Started in directory C:\dev\oneeye_aurix_examples_ads\workspace\OneEye_UART_AllInOne_1_KIT_TC499_TRB\demo
2025/06/10 10:58:09 Reading tool data
2025/06/10 10:58:09 Reading "C:\\Users\\oncioiu\\Infineon\\Tools\\InfineonGUIDesigner\\2.68.0.202504300855\\resources\\tool-details.json"
2025/06/10 10:58:09 Validating tool data
2025/06/10 10:58:09 Starting tool &main.Tool{FeatureID:"com.ifx.tb.tool.oneeye3", Title:"Infineon GUI Designer - OneEye", Version:"2.68.0.202504300855", Path:"C:\\Users\\oncioiu\\Infineon\\Tools\\InfineonGUIDesigner\\2.68.0.202504300855\\bin\\bin\\InfineonGUIDesigner.exe"}
2025/06/10 10:58:09 Starting "C:\\Users\\oncioiu\\Infineon\\Tools\\InfineonGUIDesigner\\2.68.0.202504300855\\bin\\bin\\InfineonGUIDesigner.exe" with arguments []string{"-f", "C:\\dev\\oneeye_aurix_examples_ads\\workspace\\OneEye_UART_AllInOne_1_KIT_TC499_TRB\\demo\\AllInOneUartBb.OneEye"}
2025/06/10 10:58:09 Starting "C:\\Users\\oncioiu\\Infineon\\Tools\\InfineonGUIDesigner\\2.68.0.202504300855\\bin\\bin\\InfineonGUIDesigner.exe" in directory "C:\\Users\\oncioiu\\Infineon\\Tools\\InfineonGUIDesigner\\2.68.0.202504300855\\bin\\bin"
2025/06/10 10:58:09 Started "C:\\Users\\oncioiu\\Infineon\\Tools\\InfineonGUIDesigner\\2.68.0.202504300855\\bin\\bin\\InfineonGUIDesigner.exe" as PID 39284
2025/06/10 10:58:09 Starting Launcher Service
2025/06/10 10:58:09 Starting "C:\\Users\\oncioiu\\Infineon\\LauncherService\\idc-launcher-service.exe" with arguments []string{"-featureid", "com.ifx.tb.tool.oneeye3:2.68.0.202504300855", "-notification", "-toolbox.service", "checkUpdate com.ifx.tb.tool.oneeye3"}
2025/06/10 10:58:09 Starting "C:\\Users\\oncioiu\\Infineon\\LauncherService\\idc-launcher-service.exe" in directory "C:\\Users\\oncioiu\\Infineon\\LauncherService"
2025/06/10 10:58:09 Started "C:\\Users\\oncioiu\\Infineon\\LauncherService\\idc-launcher-service.exe" as PID 33612
2025/06/12 08:51:22 Started Launch Tool 2.0.7
2025/06/12 08:51:22 Started as PID 16516
2025/06/12 08:51:22 Started with arguments []string{"C:\\Users\\oncioiu\\Infineon\\Tools\\InfineonGUIDesigner\\2.68.0.202504300855\\resources\\launch-tool.exe", "-f", "C:\\dev\\oneeye_aurix_examples_ads\\workspace\\OneEye_UART_AllInOne_1_KIT_TC499_TRB\\demo\\AllInOneUartBb.OneEye"}
2025/06/12 08:51:22 Started in directory C:\dev\oneeye_aurix_examples_ads\workspace\OneEye_UART_AllInOne_1_KIT_TC499_TRB\demo
2025/06/12 08:51:22 Reading tool data
2025/06/12 08:51:22 Reading "C:\\Users\\oncioiu\\Infineon\\Tools\\InfineonGUIDesigner\\2.68.0.202504300855\\resources\\tool-details.json"
2025/06/12 08:51:22 Validating tool data
2025/06/12 08:51:22 Starting tool &main.Tool{FeatureID:"com.ifx.tb.tool.oneeye3", Title:"Infineon GUI Designer - OneEye", Version:"2.68.0.202504300855", Path:"C:\\Users\\oncioiu\\Infineon\\Tools\\InfineonGUIDesigner\\2.68.0.202504300855\\bin\\bin\\InfineonGUIDesigner.exe"}
2025/06/12 08:51:22 Starting "C:\\Users\\oncioiu\\Infineon\\Tools\\InfineonGUIDesigner\\2.68.0.202504300855\\bin\\bin\\InfineonGUIDesigner.exe" with arguments []string{"-f", "C:\\dev\\oneeye_aurix_examples_ads\\workspace\\OneEye_UART_AllInOne_1_KIT_TC499_TRB\\demo\\AllInOneUartBb.OneEye"}
2025/06/12 08:51:22 Starting "C:\\Users\\oncioiu\\Infineon\\Tools\\InfineonGUIDesigner\\2.68.0.202504300855\\bin\\bin\\InfineonGUIDesigner.exe" in directory "C:\\Users\\oncioiu\\Infineon\\Tools\\InfineonGUIDesigner\\2.68.0.202504300855\\bin\\bin"
2025/06/12 08:51:22 Started "C:\\Users\\oncioiu\\Infineon\\Tools\\InfineonGUIDesigner\\2.68.0.202504300855\\bin\\bin\\InfineonGUIDesigner.exe" as PID 22592
2025/06/12 08:51:22 Starting Launcher Service
2025/06/12 08:51:22 Starting "C:\\Users\\oncioiu\\Infineon\\LauncherService\\idc-launcher-service.exe" with arguments []string{"-featureid", "com.ifx.tb.tool.oneeye3:2.68.0.202504300855", "-notification", "-toolbox.service", "checkUpdate com.ifx.tb.tool.oneeye3"}
2025/06/12 08:51:22 Starting "C:\\Users\\oncioiu\\Infineon\\LauncherService\\idc-launcher-service.exe" in directory "C:\\Users\\oncioiu\\Infineon\\LauncherService"
2025/06/12 08:51:23 Started "C:\\Users\\oncioiu\\Infineon\\LauncherService\\idc-launcher-service.exe" as PID 22176
2025/06/12 08:51:38 Started Launch Tool 2.0.7
2025/06/12 08:51:38 Started as PID 22340
2025/06/12 08:51:38 Started with arguments []string{"C:\\Users\\oncioiu\\Infineon\\Tools\\InfineonGUIDesigner\\2.68.0.202504300855\\resources\\launch-tool.exe", "-f", "C:\\dev\\oneeye_aurix_examples_ads\\workspace\\OneEye_UART_AllInOne_1_KIT_TC499_TRB\\demo\\AllInOneUartBb.OneEye"}
2025/06/12 08:51:38 Started in directory C:\dev\oneeye_aurix_examples_ads\workspace\OneEye_UART_AllInOne_1_KIT_TC499_TRB\demo
2025/06/12 08:51:38 Reading tool data
2025/06/12 08:51:38 Reading "C:\\Users\\oncioiu\\Infineon\\Tools\\InfineonGUIDesigner\\2.68.0.202504300855\\resources\\tool-details.json"
2025/06/12 08:51:38 Validating tool data
2025/06/12 08:51:38 Starting tool &main.Tool{FeatureID:"com.ifx.tb.tool.oneeye3", Title:"Infineon GUI Designer - OneEye", Version:"2.68.0.202504300855", Path:"C:\\Users\\oncioiu\\Infineon\\Tools\\InfineonGUIDesigner\\2.68.0.202504300855\\bin\\bin\\InfineonGUIDesigner.exe"}
2025/06/12 08:51:38 Starting "C:\\Users\\oncioiu\\Infineon\\Tools\\InfineonGUIDesigner\\2.68.0.202504300855\\bin\\bin\\InfineonGUIDesigner.exe" with arguments []string{"-f", "C:\\dev\\oneeye_aurix_examples_ads\\workspace\\OneEye_UART_AllInOne_1_KIT_TC499_TRB\\demo\\AllInOneUartBb.OneEye"}
2025/06/12 08:51:38 Starting "C:\\Users\\oncioiu\\Infineon\\Tools\\InfineonGUIDesigner\\2.68.0.202504300855\\bin\\bin\\InfineonGUIDesigner.exe" in directory "C:\\Users\\oncioiu\\Infineon\\Tools\\InfineonGUIDesigner\\2.68.0.202504300855\\bin\\bin"
2025/06/12 08:51:38 Started "C:\\Users\\oncioiu\\Infineon\\Tools\\InfineonGUIDesigner\\2.68.0.202504300855\\bin\\bin\\InfineonGUIDesigner.exe" as PID 3132
2025/06/12 08:51:38 Starting Launcher Service
2025/06/12 08:51:38 Starting "C:\\Users\\oncioiu\\Infineon\\LauncherService\\idc-launcher-service.exe" with arguments []string{"-featureid", "com.ifx.tb.tool.oneeye3:2.68.0.202504300855", "-notification", "-toolbox.service", "checkUpdate com.ifx.tb.tool.oneeye3"}
2025/06/12 08:51:38 Starting "C:\\Users\\oncioiu\\Infineon\\LauncherService\\idc-launcher-service.exe" in directory "C:\\Users\\oncioiu\\Infineon\\LauncherService"
2025/06/12 08:51:38 Started "C:\\Users\\oncioiu\\Infineon\\LauncherService\\idc-launcher-service.exe" as PID 23872
2025/06/16 05:58:05 Started Launch Tool 2.0.7
2025/06/16 05:58:05 Started as PID 31372
2025/06/16 05:58:05 Started with arguments []string{"C:\\Users\\oncioiu\\Infineon\\Tools\\InfineonGUIDesigner\\2.68.0.202504300855\\resources\\launch-tool.exe", "-f", "C:\\dev\\oneeye_aurix_examples_ads\\workspace\\OneEye_UART_AllInOne_1_KIT_TC499_TRB\\demo\\OneEye_UART_AllInOne_1_KIT_TC499_TRB.OneEye"}
2025/06/16 05:58:05 Started in directory C:\dev\oneeye_aurix_examples_ads\workspace\OneEye_UART_AllInOne_1_KIT_TC499_TRB\demo
2025/06/16 05:58:05 Reading tool data
2025/06/16 05:58:05 Reading "C:\\Users\\oncioiu\\Infineon\\Tools\\InfineonGUIDesigner\\2.68.0.202504300855\\resources\\tool-details.json"
2025/06/16 05:58:05 Validating tool data
2025/06/16 05:58:05 Starting tool &main.Tool{FeatureID:"com.ifx.tb.tool.oneeye3", Title:"Infineon GUI Designer - OneEye", Version:"2.68.0.202504300855", Path:"C:\\Users\\oncioiu\\Infineon\\Tools\\InfineonGUIDesigner\\2.68.0.202504300855\\bin\\bin\\InfineonGUIDesigner.exe"}
2025/06/16 05:58:05 Starting "C:\\Users\\oncioiu\\Infineon\\Tools\\InfineonGUIDesigner\\2.68.0.202504300855\\bin\\bin\\InfineonGUIDesigner.exe" with arguments []string{"-f", "C:\\dev\\oneeye_aurix_examples_ads\\workspace\\OneEye_UART_AllInOne_1_KIT_TC499_TRB\\demo\\OneEye_UART_AllInOne_1_KIT_TC499_TRB.OneEye"}
2025/06/16 05:58:05 Starting "C:\\Users\\oncioiu\\Infineon\\Tools\\InfineonGUIDesigner\\2.68.0.202504300855\\bin\\bin\\InfineonGUIDesigner.exe" in directory "C:\\Users\\oncioiu\\Infineon\\Tools\\InfineonGUIDesigner\\2.68.0.202504300855\\bin\\bin"
2025/06/16 05:58:05 Started "C:\\Users\\oncioiu\\Infineon\\Tools\\InfineonGUIDesigner\\2.68.0.202504300855\\bin\\bin\\InfineonGUIDesigner.exe" as PID 31128
2025/06/16 05:58:05 Starting Launcher Service
2025/06/16 05:58:05 Starting "C:\\Users\\oncioiu\\Infineon\\LauncherService\\idc-launcher-service.exe" with arguments []string{"-featureid", "com.ifx.tb.tool.oneeye3:2.68.0.202504300855", "-notification", "-toolbox.service", "checkUpdate com.ifx.tb.tool.oneeye3"}
2025/06/16 05:58:05 Starting "C:\\Users\\oncioiu\\Infineon\\LauncherService\\idc-launcher-service.exe" in directory "C:\\Users\\oncioiu\\Infineon\\LauncherService"
2025/06/16 05:58:05 Started "C:\\Users\\oncioiu\\Infineon\\LauncherService\\idc-launcher-service.exe" as PID 6612
