LOADING	C:\Users\bragante\AURIX-v1.9.0-workspace\iLLD_TC375_ADS_JSON_Parse_Out_To_Serial\External GCC - Debug\iLLD_TC375_ADS_JSON_Parse_Out_To_Serial.elf
EMULATION	Initial debug frequency set
EMULATION	Asserting reset
EMULATION	Connected to SoC/core(s)
EMULATION	Finished connecting to SoC
EMULATION	Releasing reset
EMULATION	Reset is INACTIVE
EMULATION	Initialization script (if any) done
No RAM which needs initialization found
EMULATION	Final debug frequency set
EMULATION	SoC ID match OK
SoC	Detected device: TC370 series, rev. AA
EMULATION	STARTED
PROGRAMMING 	87513 bytes
PROGRAMMING	Infineon TC37x_PFLASH_6MB (6 sectors)
SoC	Detected device: TC370 series, rev. AA
EMULATION	END - Without cleanup
LOADING	C:\Users\bragante\AURIX-v1.9.0-workspace\iLLD_TC375_ADS_JSON_Parse_Out_To_Serial\External GCC - Debug\iLLD_TC375_ADS_JSON_Parse_Out_To_Serial.elf
EMULATION	Initial debug frequency set
EMULATION	Asserting reset
EMULATION	Connected to SoC/core(s)
EMULATION	Finished connecting to SoC
EMULATION	Releasing reset
EMULATION	Reset is INACTIVE
EMULATION	Initialization script (if any) done
No RAM which needs initialization found
EMULATION	Final debug frequency set
EMULATION	SoC ID match OK
SoC	Detected device: TC370 series, rev. AA
EMULATION	STARTED
PROGRAMMING 	87746 bytes
PROGRAMMING	Infineon TC37x_PFLASH_6MB (6 sectors)
EMULATION	END - Without cleanup
EMULATION	Asserting reset
EMULATION	Connected to SoC/core(s)
EMULATION	Finished connecting to SoC
EMULATION	Releasing reset
EMULATION	Reset is INACTIVE
EMULATION	Initialization script (if any) done
EMULATION	Final debug frequency set
EMULATION	SoC ID match OK
SoC	Detected device: TC370 series, rev. AA
EMULATION	STARTED
EMULATION	END - Without cleanup
EMULATION	Asserting reset
EMULATION	Connected to SoC/core(s)
EMULATION	Finished connecting to SoC
EMULATION	Releasing reset
EMULATION	Reset is INACTIVE
EMULATION	Initialization script (if any) done
EMULATION	Final debug frequency set
EMULATION	SoC ID match OK
SoC	Detected device: TC370 series, rev. AA
EMULATION	STARTED
EMULATION	END - Without cleanup
LOADING	C:\Users\bragante\AURIX-v1.9.0-workspace\iLLD_TC375_ADS_JSON_Parse_Out_To_Serial\External GCC - Debug\iLLD_TC375_ADS_JSON_Parse_Out_To_Serial.elf
EMULATION	Initial debug frequency set
EMULATION	Asserting reset
EMULATION	Connected to SoC/core(s)
EMULATION	Finished connecting to SoC
EMULATION	Releasing reset
EMULATION	Reset is INACTIVE
EMULATION	Initialization script (if any) done
No RAM which needs initialization found
EMULATION	Final debug frequency set
EMULATION	SoC ID match OK
SoC	Detected device: TC370 series, rev. AA
EMULATION	STARTED
PROGRAMMING 	87754 bytes
PROGRAMMING	Infineon TC37x_PFLASH_6MB (6 sectors)
EMULATION	END - Without cleanup
EMULATION	Asserting reset
EMULATION	Connected to SoC/core(s)
EMULATION	Finished connecting to SoC
EMULATION	Releasing reset
EMULATION	Reset is INACTIVE
EMULATION	Initialization script (if any) done
EMULATION	Final debug frequency set
EMULATION	SoC ID match OK
SoC	Detected device: TC370 series, rev. AA
EMULATION	STARTED
EMULATION	END - Without cleanup
EMULATION	Asserting reset
EMULATION	Connected to SoC/core(s)
EMULATION	Finished connecting to SoC
EMULATION	Releasing reset
EMULATION	Reset is INACTIVE
EMULATION	Initialization script (if any) done
EMULATION	Final debug frequency set
EMULATION	SoC ID match OK
SoC	Detected device: TC370 series, rev. AA
EMULATION	STARTED
SoC	Detected device: TC370 series, rev. AA
EMULATION	END - Without cleanup
EMULATION	Asserting reset
EMULATION	Connected to SoC/core(s)
EMULATION	Finished connecting to SoC
EMULATION	Releasing reset
EMULATION	Reset is INACTIVE
EMULATION	Initialization script (if any) done
EMULATION	Final debug frequency set
EMULATION	SoC ID match OK
SoC	Detected device: TC370 series, rev. AA
EMULATION	STARTED
EMULATION	END - Without cleanup
