2025/06/03 09:36:11 Started Launch Tool 2.0.7
2025/06/03 09:36:11 Started as PID 20340
2025/06/03 09:36:11 Started with arguments []string{"C:\\Users\\oncioiu\\Infineon\\Tools\\InfineonGUIDesigner\\2.68.0.202504300855\\resources\\launch-tool.exe", "-f", "C:\\dev\\oneeye_aurix_examples_ads\\workspace\\OneEye_AllInOneDAS_TC4X\\demo\\TC499_ADS_OneEye_DAS_AllInOne.OneEye"}
2025/06/03 09:36:11 Started in directory C:\dev\oneeye_aurix_examples_ads\workspace\OneEye_AllInOneDAS_TC4X\demo
2025/06/03 09:36:11 Reading tool data
2025/06/03 09:36:11 Reading "C:\\Users\\oncioiu\\Infineon\\Tools\\InfineonGUIDesigner\\2.68.0.202504300855\\resources\\tool-details.json"
2025/06/03 09:36:11 Validating tool data
2025/06/03 09:36:11 Starting tool &main.Tool{FeatureID:"com.ifx.tb.tool.oneeye3", Title:"Infineon GUI Designer - OneEye", Version:"2.68.0.202504300855", Path:"C:\\Users\\oncioiu\\Infineon\\Tools\\InfineonGUIDesigner\\2.68.0.202504300855\\bin\\bin\\InfineonGUIDesigner.exe"}
2025/06/03 09:36:11 Starting "C:\\Users\\oncioiu\\Infineon\\Tools\\InfineonGUIDesigner\\2.68.0.202504300855\\bin\\bin\\InfineonGUIDesigner.exe" with arguments []string{"-f", "C:\\dev\\oneeye_aurix_examples_ads\\workspace\\OneEye_AllInOneDAS_TC4X\\demo\\TC499_ADS_OneEye_DAS_AllInOne.OneEye"}
2025/06/03 09:36:11 Starting "C:\\Users\\oncioiu\\Infineon\\Tools\\InfineonGUIDesigner\\2.68.0.202504300855\\bin\\bin\\InfineonGUIDesigner.exe" in directory "C:\\Users\\oncioiu\\Infineon\\Tools\\InfineonGUIDesigner\\2.68.0.202504300855\\bin\\bin"
2025/06/03 09:36:11 Started "C:\\Users\\oncioiu\\Infineon\\Tools\\InfineonGUIDesigner\\2.68.0.202504300855\\bin\\bin\\InfineonGUIDesigner.exe" as PID 20932
2025/06/03 09:36:11 Starting Launcher Service
2025/06/03 09:36:11 Starting "C:\\Users\\oncioiu\\Infineon\\LauncherService\\idc-launcher-service.exe" with arguments []string{"-featureid", "com.ifx.tb.tool.oneeye3:2.68.0.202504300855", "-notification", "-toolbox.service", "checkUpdate com.ifx.tb.tool.oneeye3"}
2025/06/03 09:36:11 Starting "C:\\Users\\oncioiu\\Infineon\\LauncherService\\idc-launcher-service.exe" in directory "C:\\Users\\oncioiu\\Infineon\\LauncherService"
2025/06/03 09:36:11 Started "C:\\Users\\oncioiu\\Infineon\\LauncherService\\idc-launcher-service.exe" as PID 20228
2025/06/03 09:46:27 Started Launch Tool 2.0.7
2025/06/03 09:46:27 Started as PID 25456
2025/06/03 09:46:27 Started with arguments []string{"C:\\Users\\oncioiu\\Infineon\\Tools\\InfineonGUIDesigner\\2.68.0.202504300855\\resources\\launch-tool.exe", "-f", "C:\\dev\\oneeye_aurix_examples_ads\\workspace\\OneEye_AllInOneDAS_TC4X\\demo\\TC499_ADS_OneEye_DAS_AllInOne.OneEye"}
2025/06/03 09:46:27 Started in directory C:\dev\oneeye_aurix_examples_ads\workspace\OneEye_AllInOneDAS_TC4X\demo
2025/06/03 09:46:27 Reading tool data
2025/06/03 09:46:27 Reading "C:\\Users\\oncioiu\\Infineon\\Tools\\InfineonGUIDesigner\\2.68.0.202504300855\\resources\\tool-details.json"
2025/06/03 09:46:27 Validating tool data
2025/06/03 09:46:27 Starting tool &main.Tool{FeatureID:"com.ifx.tb.tool.oneeye3", Title:"Infineon GUI Designer - OneEye", Version:"2.68.0.202504300855", Path:"C:\\Users\\oncioiu\\Infineon\\Tools\\InfineonGUIDesigner\\2.68.0.202504300855\\bin\\bin\\InfineonGUIDesigner.exe"}
2025/06/03 09:46:27 Starting "C:\\Users\\oncioiu\\Infineon\\Tools\\InfineonGUIDesigner\\2.68.0.202504300855\\bin\\bin\\InfineonGUIDesigner.exe" with arguments []string{"-f", "C:\\dev\\oneeye_aurix_examples_ads\\workspace\\OneEye_AllInOneDAS_TC4X\\demo\\TC499_ADS_OneEye_DAS_AllInOne.OneEye"}
2025/06/03 09:46:27 Starting "C:\\Users\\oncioiu\\Infineon\\Tools\\InfineonGUIDesigner\\2.68.0.202504300855\\bin\\bin\\InfineonGUIDesigner.exe" in directory "C:\\Users\\oncioiu\\Infineon\\Tools\\InfineonGUIDesigner\\2.68.0.202504300855\\bin\\bin"
2025/06/03 09:46:27 Started "C:\\Users\\oncioiu\\Infineon\\Tools\\InfineonGUIDesigner\\2.68.0.202504300855\\bin\\bin\\InfineonGUIDesigner.exe" as PID 25492
2025/06/03 09:46:27 Starting Launcher Service
2025/06/03 09:46:27 Starting "C:\\Users\\oncioiu\\Infineon\\LauncherService\\idc-launcher-service.exe" with arguments []string{"-featureid", "com.ifx.tb.tool.oneeye3:2.68.0.202504300855", "-notification", "-toolbox.service", "checkUpdate com.ifx.tb.tool.oneeye3"}
2025/06/03 09:46:27 Starting "C:\\Users\\oncioiu\\Infineon\\LauncherService\\idc-launcher-service.exe" in directory "C:\\Users\\oncioiu\\Infineon\\LauncherService"
2025/06/03 09:46:27 Started "C:\\Users\\oncioiu\\Infineon\\LauncherService\\idc-launcher-service.exe" as PID 25504
2025/06/03 09:48:56 Started Launch Tool 2.0.7
2025/06/03 09:48:56 Started as PID 4012
2025/06/03 09:48:56 Started with arguments []string{"C:\\Users\\oncioiu\\Infineon\\Tools\\InfineonGUIDesigner\\2.68.0.202504300855\\resources\\launch-tool.exe", "-f", "C:\\dev\\oneeye_aurix_examples_ads\\workspace\\OneEye_AllInOneDAS_TC4X\\demo\\TC499_ADS_OneEye_DAS_AllInOne.OneEye"}
2025/06/03 09:48:56 Started in directory C:\dev\oneeye_aurix_examples_ads\workspace\OneEye_AllInOneDAS_TC4X\demo
2025/06/03 09:48:56 Reading tool data
2025/06/03 09:48:56 Reading "C:\\Users\\oncioiu\\Infineon\\Tools\\InfineonGUIDesigner\\2.68.0.202504300855\\resources\\tool-details.json"
2025/06/03 09:48:56 Validating tool data
2025/06/03 09:48:56 Starting tool &main.Tool{FeatureID:"com.ifx.tb.tool.oneeye3", Title:"Infineon GUI Designer - OneEye", Version:"2.68.0.202504300855", Path:"C:\\Users\\oncioiu\\Infineon\\Tools\\InfineonGUIDesigner\\2.68.0.202504300855\\bin\\bin\\InfineonGUIDesigner.exe"}
2025/06/03 09:48:56 Starting "C:\\Users\\oncioiu\\Infineon\\Tools\\InfineonGUIDesigner\\2.68.0.202504300855\\bin\\bin\\InfineonGUIDesigner.exe" with arguments []string{"-f", "C:\\dev\\oneeye_aurix_examples_ads\\workspace\\OneEye_AllInOneDAS_TC4X\\demo\\TC499_ADS_OneEye_DAS_AllInOne.OneEye"}
2025/06/03 09:48:56 Starting "C:\\Users\\oncioiu\\Infineon\\Tools\\InfineonGUIDesigner\\2.68.0.202504300855\\bin\\bin\\InfineonGUIDesigner.exe" in directory "C:\\Users\\oncioiu\\Infineon\\Tools\\InfineonGUIDesigner\\2.68.0.202504300855\\bin\\bin"
2025/06/03 09:48:56 Started "C:\\Users\\oncioiu\\Infineon\\Tools\\InfineonGUIDesigner\\2.68.0.202504300855\\bin\\bin\\InfineonGUIDesigner.exe" as PID 5424
2025/06/03 09:48:56 Starting Launcher Service
2025/06/03 09:48:56 Starting "C:\\Users\\oncioiu\\Infineon\\LauncherService\\idc-launcher-service.exe" with arguments []string{"-featureid", "com.ifx.tb.tool.oneeye3:2.68.0.202504300855", "-notification", "-toolbox.service", "checkUpdate com.ifx.tb.tool.oneeye3"}
2025/06/03 09:48:56 Starting "C:\\Users\\oncioiu\\Infineon\\LauncherService\\idc-launcher-service.exe" in directory "C:\\Users\\oncioiu\\Infineon\\LauncherService"
2025/06/03 09:48:56 Started "C:\\Users\\oncioiu\\Infineon\\LauncherService\\idc-launcher-service.exe" as PID 24092
2025/06/03 09:59:11 Started Launch Tool 2.0.7
2025/06/03 09:59:11 Started as PID 23312
2025/06/03 09:59:11 Started with arguments []string{"C:\\Users\\oncioiu\\Infineon\\Tools\\InfineonGUIDesigner\\2.68.0.202504300855\\resources\\launch-tool.exe", "-f", "C:\\dev\\oneeye_aurix_examples_ads\\workspace\\OneEye_AllInOneDAS_TC4X\\demo\\TC499_ADS_OneEye_DAS_AllInOne.OneEye"}
2025/06/03 09:59:11 Started in directory C:\dev\oneeye_aurix_examples_ads\workspace\OneEye_AllInOneDAS_TC4X\demo
2025/06/03 09:59:11 Reading tool data
2025/06/03 09:59:11 Reading "C:\\Users\\oncioiu\\Infineon\\Tools\\InfineonGUIDesigner\\2.68.0.202504300855\\resources\\tool-details.json"
2025/06/03 09:59:11 Validating tool data
2025/06/03 09:59:11 Starting tool &main.Tool{FeatureID:"com.ifx.tb.tool.oneeye3", Title:"Infineon GUI Designer - OneEye", Version:"2.68.0.202504300855", Path:"C:\\Users\\oncioiu\\Infineon\\Tools\\InfineonGUIDesigner\\2.68.0.202504300855\\bin\\bin\\InfineonGUIDesigner.exe"}
2025/06/03 09:59:11 Starting "C:\\Users\\oncioiu\\Infineon\\Tools\\InfineonGUIDesigner\\2.68.0.202504300855\\bin\\bin\\InfineonGUIDesigner.exe" with arguments []string{"-f", "C:\\dev\\oneeye_aurix_examples_ads\\workspace\\OneEye_AllInOneDAS_TC4X\\demo\\TC499_ADS_OneEye_DAS_AllInOne.OneEye"}
2025/06/03 09:59:11 Starting "C:\\Users\\oncioiu\\Infineon\\Tools\\InfineonGUIDesigner\\2.68.0.202504300855\\bin\\bin\\InfineonGUIDesigner.exe" in directory "C:\\Users\\oncioiu\\Infineon\\Tools\\InfineonGUIDesigner\\2.68.0.202504300855\\bin\\bin"
2025/06/03 09:59:11 Started "C:\\Users\\oncioiu\\Infineon\\Tools\\InfineonGUIDesigner\\2.68.0.202504300855\\bin\\bin\\InfineonGUIDesigner.exe" as PID 7476
2025/06/03 09:59:11 Starting Launcher Service
2025/06/03 09:59:11 Starting "C:\\Users\\oncioiu\\Infineon\\LauncherService\\idc-launcher-service.exe" with arguments []string{"-featureid", "com.ifx.tb.tool.oneeye3:2.68.0.202504300855", "-notification", "-toolbox.service", "checkUpdate com.ifx.tb.tool.oneeye3"}
2025/06/03 09:59:11 Starting "C:\\Users\\oncioiu\\Infineon\\LauncherService\\idc-launcher-service.exe" in directory "C:\\Users\\oncioiu\\Infineon\\LauncherService"
2025/06/03 09:59:11 Started "C:\\Users\\oncioiu\\Infineon\\LauncherService\\idc-launcher-service.exe" as PID 24212
2025/06/03 10:03:31 Started Launch Tool 2.0.7
2025/06/03 10:03:31 Started as PID 20884
2025/06/03 10:03:31 Started with arguments []string{"C:\\Users\\oncioiu\\Infineon\\Tools\\InfineonGUIDesigner\\2.68.0.202504300855\\resources\\launch-tool.exe", "-f", "C:\\dev\\oneeye_aurix_examples_ads\\workspace\\OneEye_AllInOneDAS_TC4X\\demo\\TC499_ADS_OneEye_DAS_AllInOne.OneEye"}
2025/06/03 10:03:31 Started in directory C:\dev\oneeye_aurix_examples_ads\workspace\OneEye_AllInOneDAS_TC4X\demo
2025/06/03 10:03:31 Reading tool data
2025/06/03 10:03:31 Reading "C:\\Users\\oncioiu\\Infineon\\Tools\\InfineonGUIDesigner\\2.68.0.202504300855\\resources\\tool-details.json"
2025/06/03 10:03:31 Validating tool data
2025/06/03 10:03:31 Starting tool &main.Tool{FeatureID:"com.ifx.tb.tool.oneeye3", Title:"Infineon GUI Designer - OneEye", Version:"2.68.0.202504300855", Path:"C:\\Users\\oncioiu\\Infineon\\Tools\\InfineonGUIDesigner\\2.68.0.202504300855\\bin\\bin\\InfineonGUIDesigner.exe"}
2025/06/03 10:03:31 Starting "C:\\Users\\oncioiu\\Infineon\\Tools\\InfineonGUIDesigner\\2.68.0.202504300855\\bin\\bin\\InfineonGUIDesigner.exe" with arguments []string{"-f", "C:\\dev\\oneeye_aurix_examples_ads\\workspace\\OneEye_AllInOneDAS_TC4X\\demo\\TC499_ADS_OneEye_DAS_AllInOne.OneEye"}
2025/06/03 10:03:31 Starting "C:\\Users\\oncioiu\\Infineon\\Tools\\InfineonGUIDesigner\\2.68.0.202504300855\\bin\\bin\\InfineonGUIDesigner.exe" in directory "C:\\Users\\oncioiu\\Infineon\\Tools\\InfineonGUIDesigner\\2.68.0.202504300855\\bin\\bin"
2025/06/03 10:03:32 Started "C:\\Users\\oncioiu\\Infineon\\Tools\\InfineonGUIDesigner\\2.68.0.202504300855\\bin\\bin\\InfineonGUIDesigner.exe" as PID 20944
2025/06/03 10:03:32 Starting Launcher Service
2025/06/03 10:03:32 Starting "C:\\Users\\oncioiu\\Infineon\\LauncherService\\idc-launcher-service.exe" with arguments []string{"-featureid", "com.ifx.tb.tool.oneeye3:2.68.0.202504300855", "-notification", "-toolbox.service", "checkUpdate com.ifx.tb.tool.oneeye3"}
2025/06/03 10:03:32 Starting "C:\\Users\\oncioiu\\Infineon\\LauncherService\\idc-launcher-service.exe" in directory "C:\\Users\\oncioiu\\Infineon\\LauncherService"
2025/06/03 10:03:32 Started "C:\\Users\\oncioiu\\Infineon\\LauncherService\\idc-launcher-service.exe" as PID 1448
2025/06/03 10:18:57 Started Launch Tool 2.0.7
2025/06/03 10:18:57 Started as PID 19944
2025/06/03 10:18:57 Started with arguments []string{"C:\\Users\\oncioiu\\Infineon\\Tools\\InfineonGUIDesigner\\2.68.0.202504300855\\resources\\launch-tool.exe", "-f", "C:\\dev\\oneeye_aurix_examples_ads\\workspace\\OneEye_AllInOneDAS_TC4X\\demo\\TC499_ADS_OneEye_DAS_AllInOne.OneEye"}
2025/06/03 10:18:57 Started in directory C:\dev\oneeye_aurix_examples_ads\workspace\OneEye_AllInOneDAS_TC4X\demo
2025/06/03 10:18:57 Reading tool data
2025/06/03 10:18:57 Reading "C:\\Users\\oncioiu\\Infineon\\Tools\\InfineonGUIDesigner\\2.68.0.202504300855\\resources\\tool-details.json"
2025/06/03 10:18:57 Validating tool data
2025/06/03 10:18:57 Starting tool &main.Tool{FeatureID:"com.ifx.tb.tool.oneeye3", Title:"Infineon GUI Designer - OneEye", Version:"2.68.0.202504300855", Path:"C:\\Users\\oncioiu\\Infineon\\Tools\\InfineonGUIDesigner\\2.68.0.202504300855\\bin\\bin\\InfineonGUIDesigner.exe"}
2025/06/03 10:18:57 Starting "C:\\Users\\oncioiu\\Infineon\\Tools\\InfineonGUIDesigner\\2.68.0.202504300855\\bin\\bin\\InfineonGUIDesigner.exe" with arguments []string{"-f", "C:\\dev\\oneeye_aurix_examples_ads\\workspace\\OneEye_AllInOneDAS_TC4X\\demo\\TC499_ADS_OneEye_DAS_AllInOne.OneEye"}
2025/06/03 10:18:57 Starting "C:\\Users\\oncioiu\\Infineon\\Tools\\InfineonGUIDesigner\\2.68.0.202504300855\\bin\\bin\\InfineonGUIDesigner.exe" in directory "C:\\Users\\oncioiu\\Infineon\\Tools\\InfineonGUIDesigner\\2.68.0.202504300855\\bin\\bin"
2025/06/03 10:18:57 Started "C:\\Users\\oncioiu\\Infineon\\Tools\\InfineonGUIDesigner\\2.68.0.202504300855\\bin\\bin\\InfineonGUIDesigner.exe" as PID 24876
2025/06/03 10:18:57 Starting Launcher Service
2025/06/03 10:18:57 Starting "C:\\Users\\oncioiu\\Infineon\\LauncherService\\idc-launcher-service.exe" with arguments []string{"-featureid", "com.ifx.tb.tool.oneeye3:2.68.0.202504300855", "-notification", "-toolbox.service", "checkUpdate com.ifx.tb.tool.oneeye3"}
2025/06/03 10:18:57 Starting "C:\\Users\\oncioiu\\Infineon\\LauncherService\\idc-launcher-service.exe" in directory "C:\\Users\\oncioiu\\Infineon\\LauncherService"
2025/06/03 10:18:57 Started "C:\\Users\\oncioiu\\Infineon\\LauncherService\\idc-launcher-service.exe" as PID 23740
2025/06/03 10:21:25 Started Launch Tool 2.0.7
2025/06/03 10:21:25 Started as PID 13296
2025/06/03 10:21:25 Started with arguments []string{"C:\\Users\\oncioiu\\Infineon\\Tools\\InfineonGUIDesigner\\2.68.0.202504300855\\resources\\launch-tool.exe", "-f", "C:\\dev\\oneeye_aurix_examples_ads\\workspace\\OneEye_AllInOneDAS_TC4X\\demo\\TC499_ADS_OneEye_DAS_AllInOne.OneEye"}
2025/06/03 10:21:25 Started in directory C:\dev\oneeye_aurix_examples_ads\workspace\OneEye_AllInOneDAS_TC4X\demo
2025/06/03 10:21:25 Reading tool data
2025/06/03 10:21:25 Reading "C:\\Users\\oncioiu\\Infineon\\Tools\\InfineonGUIDesigner\\2.68.0.202504300855\\resources\\tool-details.json"
2025/06/03 10:21:25 Validating tool data
2025/06/03 10:21:25 Starting tool &main.Tool{FeatureID:"com.ifx.tb.tool.oneeye3", Title:"Infineon GUI Designer - OneEye", Version:"2.68.0.202504300855", Path:"C:\\Users\\oncioiu\\Infineon\\Tools\\InfineonGUIDesigner\\2.68.0.202504300855\\bin\\bin\\InfineonGUIDesigner.exe"}
2025/06/03 10:21:25 Starting "C:\\Users\\oncioiu\\Infineon\\Tools\\InfineonGUIDesigner\\2.68.0.202504300855\\bin\\bin\\InfineonGUIDesigner.exe" with arguments []string{"-f", "C:\\dev\\oneeye_aurix_examples_ads\\workspace\\OneEye_AllInOneDAS_TC4X\\demo\\TC499_ADS_OneEye_DAS_AllInOne.OneEye"}
2025/06/03 10:21:25 Starting "C:\\Users\\oncioiu\\Infineon\\Tools\\InfineonGUIDesigner\\2.68.0.202504300855\\bin\\bin\\InfineonGUIDesigner.exe" in directory "C:\\Users\\oncioiu\\Infineon\\Tools\\InfineonGUIDesigner\\2.68.0.202504300855\\bin\\bin"
2025/06/03 10:21:25 Started "C:\\Users\\oncioiu\\Infineon\\Tools\\InfineonGUIDesigner\\2.68.0.202504300855\\bin\\bin\\InfineonGUIDesigner.exe" as PID 14692
2025/06/03 10:21:25 Starting Launcher Service
2025/06/03 10:21:25 Starting "C:\\Users\\oncioiu\\Infineon\\LauncherService\\idc-launcher-service.exe" with arguments []string{"-featureid", "com.ifx.tb.tool.oneeye3:2.68.0.202504300855", "-notification", "-toolbox.service", "checkUpdate com.ifx.tb.tool.oneeye3"}
2025/06/03 10:21:25 Starting "C:\\Users\\oncioiu\\Infineon\\LauncherService\\idc-launcher-service.exe" in directory "C:\\Users\\oncioiu\\Infineon\\LauncherService"
2025/06/03 10:21:25 Started "C:\\Users\\oncioiu\\Infineon\\LauncherService\\idc-launcher-service.exe" as PID 11420
2025/06/03 12:12:06 Started Launch Tool 2.0.7
2025/06/03 12:12:06 Started as PID 24256
2025/06/03 12:12:06 Started with arguments []string{"C:\\Users\\oncioiu\\Infineon\\Tools\\InfineonGUIDesigner\\2.68.0.202504300855\\resources\\launch-tool.exe", "-f", "C:\\dev\\oneeye_aurix_examples_ads\\workspace\\OneEye_AllInOneDAS_TC4X\\demo\\TC499_ADS_OneEye_DAS_AllInOne.OneEye"}
2025/06/03 12:12:06 Started in directory C:\dev\oneeye_aurix_examples_ads\workspace\OneEye_AllInOneDAS_TC4X\demo
2025/06/03 12:12:06 Reading tool data
2025/06/03 12:12:06 Reading "C:\\Users\\oncioiu\\Infineon\\Tools\\InfineonGUIDesigner\\2.68.0.202504300855\\resources\\tool-details.json"
2025/06/03 12:12:06 Validating tool data
2025/06/03 12:12:06 Starting tool &main.Tool{FeatureID:"com.ifx.tb.tool.oneeye3", Title:"Infineon GUI Designer - OneEye", Version:"2.68.0.202504300855", Path:"C:\\Users\\oncioiu\\Infineon\\Tools\\InfineonGUIDesigner\\2.68.0.202504300855\\bin\\bin\\InfineonGUIDesigner.exe"}
2025/06/03 12:12:06 Starting "C:\\Users\\oncioiu\\Infineon\\Tools\\InfineonGUIDesigner\\2.68.0.202504300855\\bin\\bin\\InfineonGUIDesigner.exe" with arguments []string{"-f", "C:\\dev\\oneeye_aurix_examples_ads\\workspace\\OneEye_AllInOneDAS_TC4X\\demo\\TC499_ADS_OneEye_DAS_AllInOne.OneEye"}
2025/06/03 12:12:06 Starting "C:\\Users\\oncioiu\\Infineon\\Tools\\InfineonGUIDesigner\\2.68.0.202504300855\\bin\\bin\\InfineonGUIDesigner.exe" in directory "C:\\Users\\oncioiu\\Infineon\\Tools\\InfineonGUIDesigner\\2.68.0.202504300855\\bin\\bin"
2025/06/03 12:12:06 Started "C:\\Users\\oncioiu\\Infineon\\Tools\\InfineonGUIDesigner\\2.68.0.202504300855\\bin\\bin\\InfineonGUIDesigner.exe" as PID 8656
2025/06/03 12:12:06 Starting Launcher Service
2025/06/03 12:12:06 Starting "C:\\Users\\oncioiu\\Infineon\\LauncherService\\idc-launcher-service.exe" with arguments []string{"-featureid", "com.ifx.tb.tool.oneeye3:2.68.0.202504300855", "-notification", "-toolbox.service", "checkUpdate com.ifx.tb.tool.oneeye3"}
2025/06/03 12:12:06 Starting "C:\\Users\\oncioiu\\Infineon\\LauncherService\\idc-launcher-service.exe" in directory "C:\\Users\\oncioiu\\Infineon\\LauncherService"
2025/06/03 12:12:06 Started "C:\\Users\\oncioiu\\Infineon\\LauncherService\\idc-launcher-service.exe" as PID 16276
2025/06/03 12:12:21 Started Launch Tool 2.0.7
2025/06/03 12:12:21 Started as PID 19096
2025/06/03 12:12:21 Started with arguments []string{"C:\\Users\\oncioiu\\Infineon\\Tools\\InfineonGUIDesigner\\2.68.0.202504300855\\resources\\launch-tool.exe", "-f", "C:\\dev\\oneeye_aurix_examples_ads\\workspace\\OneEye_AllInOneDAS_TC4X\\demo\\TC499_ADS_OneEye_DAS_AllInOne.OneEye"}
2025/06/03 12:12:21 Started in directory C:\dev\oneeye_aurix_examples_ads\workspace\OneEye_AllInOneDAS_TC4X\demo
2025/06/03 12:12:21 Reading tool data
2025/06/03 12:12:21 Reading "C:\\Users\\oncioiu\\Infineon\\Tools\\InfineonGUIDesigner\\2.68.0.202504300855\\resources\\tool-details.json"
2025/06/03 12:12:21 Validating tool data
2025/06/03 12:12:21 Starting tool &main.Tool{FeatureID:"com.ifx.tb.tool.oneeye3", Title:"Infineon GUI Designer - OneEye", Version:"2.68.0.202504300855", Path:"C:\\Users\\oncioiu\\Infineon\\Tools\\InfineonGUIDesigner\\2.68.0.202504300855\\bin\\bin\\InfineonGUIDesigner.exe"}
2025/06/03 12:12:21 Starting "C:\\Users\\oncioiu\\Infineon\\Tools\\InfineonGUIDesigner\\2.68.0.202504300855\\bin\\bin\\InfineonGUIDesigner.exe" with arguments []string{"-f", "C:\\dev\\oneeye_aurix_examples_ads\\workspace\\OneEye_AllInOneDAS_TC4X\\demo\\TC499_ADS_OneEye_DAS_AllInOne.OneEye"}
2025/06/03 12:12:21 Starting "C:\\Users\\oncioiu\\Infineon\\Tools\\InfineonGUIDesigner\\2.68.0.202504300855\\bin\\bin\\InfineonGUIDesigner.exe" in directory "C:\\Users\\oncioiu\\Infineon\\Tools\\InfineonGUIDesigner\\2.68.0.202504300855\\bin\\bin"
2025/06/03 12:12:21 Started "C:\\Users\\oncioiu\\Infineon\\Tools\\InfineonGUIDesigner\\2.68.0.202504300855\\bin\\bin\\InfineonGUIDesigner.exe" as PID 904
2025/06/03 12:12:21 Starting Launcher Service
2025/06/03 12:12:21 Starting "C:\\Users\\oncioiu\\Infineon\\LauncherService\\idc-launcher-service.exe" with arguments []string{"-featureid", "com.ifx.tb.tool.oneeye3:2.68.0.202504300855", "-notification", "-toolbox.service", "checkUpdate com.ifx.tb.tool.oneeye3"}
2025/06/03 12:12:21 Starting "C:\\Users\\oncioiu\\Infineon\\LauncherService\\idc-launcher-service.exe" in directory "C:\\Users\\oncioiu\\Infineon\\LauncherService"
2025/06/03 12:12:21 Started "C:\\Users\\oncioiu\\Infineon\\LauncherService\\idc-launcher-service.exe" as PID 30336
2025/06/03 12:41:35 Started Launch Tool 2.0.7
2025/06/03 12:41:35 Started as PID 24676
2025/06/03 12:41:35 Started with arguments []string{"C:\\Users\\oncioiu\\Infineon\\Tools\\InfineonGUIDesigner\\2.68.0.202504300855\\resources\\launch-tool.exe", "-f", "C:\\dev\\oneeye_aurix_examples_ads\\workspace\\OneEye_AllInOneDAS_TC4X\\demo\\TC499_OneEye_DAS_AllInOne.OneEye"}
2025/06/03 12:41:35 Started in directory C:\dev\oneeye_aurix_examples_ads\workspace\OneEye_AllInOneDAS_TC4X\demo
2025/06/03 12:41:35 Reading tool data
2025/06/03 12:41:35 Reading "C:\\Users\\oncioiu\\Infineon\\Tools\\InfineonGUIDesigner\\2.68.0.202504300855\\resources\\tool-details.json"
2025/06/03 12:41:35 Validating tool data
2025/06/03 12:41:35 Starting tool &main.Tool{FeatureID:"com.ifx.tb.tool.oneeye3", Title:"Infineon GUI Designer - OneEye", Version:"2.68.0.202504300855", Path:"C:\\Users\\oncioiu\\Infineon\\Tools\\InfineonGUIDesigner\\2.68.0.202504300855\\bin\\bin\\InfineonGUIDesigner.exe"}
2025/06/03 12:41:35 Starting "C:\\Users\\oncioiu\\Infineon\\Tools\\InfineonGUIDesigner\\2.68.0.202504300855\\bin\\bin\\InfineonGUIDesigner.exe" with arguments []string{"-f", "C:\\dev\\oneeye_aurix_examples_ads\\workspace\\OneEye_AllInOneDAS_TC4X\\demo\\TC499_OneEye_DAS_AllInOne.OneEye"}
2025/06/03 12:41:35 Starting "C:\\Users\\oncioiu\\Infineon\\Tools\\InfineonGUIDesigner\\2.68.0.202504300855\\bin\\bin\\InfineonGUIDesigner.exe" in directory "C:\\Users\\oncioiu\\Infineon\\Tools\\InfineonGUIDesigner\\2.68.0.202504300855\\bin\\bin"
2025/06/03 12:41:35 Started "C:\\Users\\oncioiu\\Infineon\\Tools\\InfineonGUIDesigner\\2.68.0.202504300855\\bin\\bin\\InfineonGUIDesigner.exe" as PID 26424
2025/06/03 12:41:35 Starting Launcher Service
2025/06/03 12:41:35 Starting "C:\\Users\\oncioiu\\Infineon\\LauncherService\\idc-launcher-service.exe" with arguments []string{"-featureid", "com.ifx.tb.tool.oneeye3:2.68.0.202504300855", "-notification", "-toolbox.service", "checkUpdate com.ifx.tb.tool.oneeye3"}
2025/06/03 12:41:35 Starting "C:\\Users\\oncioiu\\Infineon\\LauncherService\\idc-launcher-service.exe" in directory "C:\\Users\\oncioiu\\Infineon\\LauncherService"
2025/06/03 12:41:36 Started "C:\\Users\\oncioiu\\Infineon\\LauncherService\\idc-launcher-service.exe" as PID 9496
2025/06/03 13:10:33 Started Launch Tool 2.0.7
2025/06/03 13:10:33 Started as PID 30184
2025/06/03 13:10:33 Started with arguments []string{"C:\\Users\\oncioiu\\Infineon\\Tools\\InfineonGUIDesigner\\2.68.0.202504300855\\resources\\launch-tool.exe", "-f", "C:\\dev\\oneeye_aurix_examples_ads\\workspace\\OneEye_AllInOneDAS_TC4X\\demo\\TC499_ADS_OneEye_DAS_AllInOne.OneEye"}
2025/06/03 13:10:33 Started in directory C:\dev\oneeye_aurix_examples_ads\workspace\OneEye_AllInOneDAS_TC4X\demo
2025/06/03 13:10:33 Reading tool data
2025/06/03 13:10:33 Reading "C:\\Users\\oncioiu\\Infineon\\Tools\\InfineonGUIDesigner\\2.68.0.202504300855\\resources\\tool-details.json"
2025/06/03 13:10:33 Validating tool data
2025/06/03 13:10:33 Starting tool &main.Tool{FeatureID:"com.ifx.tb.tool.oneeye3", Title:"Infineon GUI Designer - OneEye", Version:"2.68.0.202504300855", Path:"C:\\Users\\oncioiu\\Infineon\\Tools\\InfineonGUIDesigner\\2.68.0.202504300855\\bin\\bin\\InfineonGUIDesigner.exe"}
2025/06/03 13:10:33 Starting "C:\\Users\\oncioiu\\Infineon\\Tools\\InfineonGUIDesigner\\2.68.0.202504300855\\bin\\bin\\InfineonGUIDesigner.exe" with arguments []string{"-f", "C:\\dev\\oneeye_aurix_examples_ads\\workspace\\OneEye_AllInOneDAS_TC4X\\demo\\TC499_ADS_OneEye_DAS_AllInOne.OneEye"}
2025/06/03 13:10:33 Starting "C:\\Users\\oncioiu\\Infineon\\Tools\\InfineonGUIDesigner\\2.68.0.202504300855\\bin\\bin\\InfineonGUIDesigner.exe" in directory "C:\\Users\\oncioiu\\Infineon\\Tools\\InfineonGUIDesigner\\2.68.0.202504300855\\bin\\bin"
2025/06/03 13:10:33 Started "C:\\Users\\oncioiu\\Infineon\\Tools\\InfineonGUIDesigner\\2.68.0.202504300855\\bin\\bin\\InfineonGUIDesigner.exe" as PID 30944
2025/06/03 13:10:33 Starting Launcher Service
2025/06/03 13:10:33 Starting "C:\\Users\\oncioiu\\Infineon\\LauncherService\\idc-launcher-service.exe" with arguments []string{"-featureid", "com.ifx.tb.tool.oneeye3:2.68.0.202504300855", "-notification", "-toolbox.service", "checkUpdate com.ifx.tb.tool.oneeye3"}
2025/06/03 13:10:33 Starting "C:\\Users\\oncioiu\\Infineon\\LauncherService\\idc-launcher-service.exe" in directory "C:\\Users\\oncioiu\\Infineon\\LauncherService"
2025/06/03 13:10:33 Started "C:\\Users\\oncioiu\\Infineon\\LauncherService\\idc-launcher-service.exe" as PID 22500
2025/06/03 13:11:35 Started Launch Tool 2.0.7
2025/06/03 13:11:35 Started as PID 22900
2025/06/03 13:11:35 Started with arguments []string{"C:\\Users\\oncioiu\\Infineon\\Tools\\InfineonGUIDesigner\\2.68.0.202504300855\\resources\\launch-tool.exe", "-f", "C:\\dev\\oneeye_aurix_examples_ads\\workspace\\OneEye_AllInOneDAS_TC4X\\demo\\TC499_OneEye_DAS_AllInOne.OneEye"}
2025/06/03 13:11:35 Started in directory C:\dev\oneeye_aurix_examples_ads\workspace\OneEye_AllInOneDAS_TC4X\demo
2025/06/03 13:11:35 Reading tool data
2025/06/03 13:11:35 Reading "C:\\Users\\oncioiu\\Infineon\\Tools\\InfineonGUIDesigner\\2.68.0.202504300855\\resources\\tool-details.json"
2025/06/03 13:11:35 Validating tool data
2025/06/03 13:11:35 Starting tool &main.Tool{FeatureID:"com.ifx.tb.tool.oneeye3", Title:"Infineon GUI Designer - OneEye", Version:"2.68.0.202504300855", Path:"C:\\Users\\oncioiu\\Infineon\\Tools\\InfineonGUIDesigner\\2.68.0.202504300855\\bin\\bin\\InfineonGUIDesigner.exe"}
2025/06/03 13:11:35 Starting "C:\\Users\\oncioiu\\Infineon\\Tools\\InfineonGUIDesigner\\2.68.0.202504300855\\bin\\bin\\InfineonGUIDesigner.exe" with arguments []string{"-f", "C:\\dev\\oneeye_aurix_examples_ads\\workspace\\OneEye_AllInOneDAS_TC4X\\demo\\TC499_OneEye_DAS_AllInOne.OneEye"}
2025/06/03 13:11:35 Starting "C:\\Users\\oncioiu\\Infineon\\Tools\\InfineonGUIDesigner\\2.68.0.202504300855\\bin\\bin\\InfineonGUIDesigner.exe" in directory "C:\\Users\\oncioiu\\Infineon\\Tools\\InfineonGUIDesigner\\2.68.0.202504300855\\bin\\bin"
2025/06/03 13:11:35 Started "C:\\Users\\oncioiu\\Infineon\\Tools\\InfineonGUIDesigner\\2.68.0.202504300855\\bin\\bin\\InfineonGUIDesigner.exe" as PID 30836
2025/06/03 13:11:35 Starting Launcher Service
2025/06/03 13:11:35 Starting "C:\\Users\\oncioiu\\Infineon\\LauncherService\\idc-launcher-service.exe" with arguments []string{"-featureid", "com.ifx.tb.tool.oneeye3:2.68.0.202504300855", "-notification", "-toolbox.service", "checkUpdate com.ifx.tb.tool.oneeye3"}
2025/06/03 13:11:35 Starting "C:\\Users\\oncioiu\\Infineon\\LauncherService\\idc-launcher-service.exe" in directory "C:\\Users\\oncioiu\\Infineon\\LauncherService"
2025/06/03 13:11:35 Started "C:\\Users\\oncioiu\\Infineon\\LauncherService\\idc-launcher-service.exe" as PID 23540
2025/06/04 05:30:29 Started Launch Tool 2.0.7
2025/06/04 05:30:29 Started as PID 17704
2025/06/04 05:30:29 Started with arguments []string{"C:\\Users\\oncioiu\\Infineon\\Tools\\InfineonGUIDesigner\\2.68.0.202504300855\\resources\\launch-tool.exe", "-f", "C:\\dev\\oneeye_aurix_examples_ads\\workspace\\OneEye_AllInOneDAS_TC4X\\demo\\TC499_ADS_OneEye_DAS_AllInOne.OneEye"}
2025/06/04 05:30:29 Started in directory C:\dev\oneeye_aurix_examples_ads\workspace\OneEye_AllInOneDAS_TC4X\demo
2025/06/04 05:30:29 Reading tool data
2025/06/04 05:30:29 Reading "C:\\Users\\oncioiu\\Infineon\\Tools\\InfineonGUIDesigner\\2.68.0.202504300855\\resources\\tool-details.json"
2025/06/04 05:30:29 Validating tool data
2025/06/04 05:30:29 Starting tool &main.Tool{FeatureID:"com.ifx.tb.tool.oneeye3", Title:"Infineon GUI Designer - OneEye", Version:"2.68.0.202504300855", Path:"C:\\Users\\oncioiu\\Infineon\\Tools\\InfineonGUIDesigner\\2.68.0.202504300855\\bin\\bin\\InfineonGUIDesigner.exe"}
2025/06/04 05:30:29 Starting "C:\\Users\\oncioiu\\Infineon\\Tools\\InfineonGUIDesigner\\2.68.0.202504300855\\bin\\bin\\InfineonGUIDesigner.exe" with arguments []string{"-f", "C:\\dev\\oneeye_aurix_examples_ads\\workspace\\OneEye_AllInOneDAS_TC4X\\demo\\TC499_ADS_OneEye_DAS_AllInOne.OneEye"}
2025/06/04 05:30:29 Starting "C:\\Users\\oncioiu\\Infineon\\Tools\\InfineonGUIDesigner\\2.68.0.202504300855\\bin\\bin\\InfineonGUIDesigner.exe" in directory "C:\\Users\\oncioiu\\Infineon\\Tools\\InfineonGUIDesigner\\2.68.0.202504300855\\bin\\bin"
2025/06/04 05:30:29 Started "C:\\Users\\oncioiu\\Infineon\\Tools\\InfineonGUIDesigner\\2.68.0.202504300855\\bin\\bin\\InfineonGUIDesigner.exe" as PID 7184
2025/06/04 05:30:29 Starting Launcher Service
2025/06/04 05:30:29 Starting "C:\\Users\\oncioiu\\Infineon\\LauncherService\\idc-launcher-service.exe" with arguments []string{"-featureid", "com.ifx.tb.tool.oneeye3:2.68.0.202504300855", "-notification", "-toolbox.service", "checkUpdate com.ifx.tb.tool.oneeye3"}
2025/06/04 05:30:29 Starting "C:\\Users\\oncioiu\\Infineon\\LauncherService\\idc-launcher-service.exe" in directory "C:\\Users\\oncioiu\\Infineon\\LauncherService"
2025/06/04 05:30:31 Started "C:\\Users\\oncioiu\\Infineon\\LauncherService\\idc-launcher-service.exe" as PID 4880
2025/06/04 05:32:37 Started Launch Tool 2.0.7
2025/06/04 05:32:37 Started as PID 16304
2025/06/04 05:32:37 Started with arguments []string{"C:\\Users\\oncioiu\\Infineon\\Tools\\InfineonGUIDesigner\\2.68.0.202504300855\\resources\\launch-tool.exe", "-f", "C:\\dev\\oneeye_aurix_examples_ads\\workspace\\OneEye_AllInOneDAS_TC4X\\demo\\TC499_ADS_OneEye_DAS_AllInOne.OneEye"}
2025/06/04 05:32:37 Started in directory C:\dev\oneeye_aurix_examples_ads\workspace\OneEye_AllInOneDAS_TC4X\demo
2025/06/04 05:32:37 Reading tool data
2025/06/04 05:32:37 Reading "C:\\Users\\oncioiu\\Infineon\\Tools\\InfineonGUIDesigner\\2.68.0.202504300855\\resources\\tool-details.json"
2025/06/04 05:32:37 Validating tool data
2025/06/04 05:32:37 Starting tool &main.Tool{FeatureID:"com.ifx.tb.tool.oneeye3", Title:"Infineon GUI Designer - OneEye", Version:"2.68.0.202504300855", Path:"C:\\Users\\oncioiu\\Infineon\\Tools\\InfineonGUIDesigner\\2.68.0.202504300855\\bin\\bin\\InfineonGUIDesigner.exe"}
2025/06/04 05:32:37 Starting "C:\\Users\\oncioiu\\Infineon\\Tools\\InfineonGUIDesigner\\2.68.0.202504300855\\bin\\bin\\InfineonGUIDesigner.exe" with arguments []string{"-f", "C:\\dev\\oneeye_aurix_examples_ads\\workspace\\OneEye_AllInOneDAS_TC4X\\demo\\TC499_ADS_OneEye_DAS_AllInOne.OneEye"}
2025/06/04 05:32:37 Starting "C:\\Users\\oncioiu\\Infineon\\Tools\\InfineonGUIDesigner\\2.68.0.202504300855\\bin\\bin\\InfineonGUIDesigner.exe" in directory "C:\\Users\\oncioiu\\Infineon\\Tools\\InfineonGUIDesigner\\2.68.0.202504300855\\bin\\bin"
2025/06/04 05:32:37 Started "C:\\Users\\oncioiu\\Infineon\\Tools\\InfineonGUIDesigner\\2.68.0.202504300855\\bin\\bin\\InfineonGUIDesigner.exe" as PID 3924
2025/06/04 05:32:37 Starting Launcher Service
2025/06/04 05:32:37 Starting "C:\\Users\\oncioiu\\Infineon\\LauncherService\\idc-launcher-service.exe" with arguments []string{"-featureid", "com.ifx.tb.tool.oneeye3:2.68.0.202504300855", "-notification", "-toolbox.service", "checkUpdate com.ifx.tb.tool.oneeye3"}
2025/06/04 05:32:37 Starting "C:\\Users\\oncioiu\\Infineon\\LauncherService\\idc-launcher-service.exe" in directory "C:\\Users\\oncioiu\\Infineon\\LauncherService"
2025/06/04 05:32:37 Started "C:\\Users\\oncioiu\\Infineon\\LauncherService\\idc-launcher-service.exe" as PID 18312
2025/06/04 05:32:56 Started Launch Tool 2.0.7
2025/06/04 05:32:56 Started as PID 6196
2025/06/04 05:32:56 Started with arguments []string{"C:\\Users\\oncioiu\\Infineon\\Tools\\InfineonGUIDesigner\\2.68.0.202504300855\\resources\\launch-tool.exe", "-f", "C:\\dev\\oneeye_aurix_examples_ads\\workspace\\OneEye_AllInOneDAS_TC4X\\demo\\TC499_OneEye_DAS_AllInOne.OneEye"}
2025/06/04 05:32:56 Started in directory C:\dev\oneeye_aurix_examples_ads\workspace\OneEye_AllInOneDAS_TC4X\demo
2025/06/04 05:32:56 Reading tool data
2025/06/04 05:32:56 Reading "C:\\Users\\oncioiu\\Infineon\\Tools\\InfineonGUIDesigner\\2.68.0.202504300855\\resources\\tool-details.json"
2025/06/04 05:32:56 Validating tool data
2025/06/04 05:32:56 Starting tool &main.Tool{FeatureID:"com.ifx.tb.tool.oneeye3", Title:"Infineon GUI Designer - OneEye", Version:"2.68.0.202504300855", Path:"C:\\Users\\oncioiu\\Infineon\\Tools\\InfineonGUIDesigner\\2.68.0.202504300855\\bin\\bin\\InfineonGUIDesigner.exe"}
2025/06/04 05:32:56 Starting "C:\\Users\\oncioiu\\Infineon\\Tools\\InfineonGUIDesigner\\2.68.0.202504300855\\bin\\bin\\InfineonGUIDesigner.exe" with arguments []string{"-f", "C:\\dev\\oneeye_aurix_examples_ads\\workspace\\OneEye_AllInOneDAS_TC4X\\demo\\TC499_OneEye_DAS_AllInOne.OneEye"}
2025/06/04 05:32:56 Starting "C:\\Users\\oncioiu\\Infineon\\Tools\\InfineonGUIDesigner\\2.68.0.202504300855\\bin\\bin\\InfineonGUIDesigner.exe" in directory "C:\\Users\\oncioiu\\Infineon\\Tools\\InfineonGUIDesigner\\2.68.0.202504300855\\bin\\bin"
2025/06/04 05:32:56 Started "C:\\Users\\oncioiu\\Infineon\\Tools\\InfineonGUIDesigner\\2.68.0.202504300855\\bin\\bin\\InfineonGUIDesigner.exe" as PID 7360
2025/06/04 05:32:56 Starting Launcher Service
2025/06/04 05:32:56 Starting "C:\\Users\\oncioiu\\Infineon\\LauncherService\\idc-launcher-service.exe" with arguments []string{"-featureid", "com.ifx.tb.tool.oneeye3:2.68.0.202504300855", "-notification", "-toolbox.service", "checkUpdate com.ifx.tb.tool.oneeye3"}
2025/06/04 05:32:56 Starting "C:\\Users\\oncioiu\\Infineon\\LauncherService\\idc-launcher-service.exe" in directory "C:\\Users\\oncioiu\\Infineon\\LauncherService"
2025/06/04 05:32:56 Started "C:\\Users\\oncioiu\\Infineon\\LauncherService\\idc-launcher-service.exe" as PID 2004
2025/06/04 05:34:34 Started Launch Tool 2.0.7
2025/06/04 05:34:34 Started as PID 22196
2025/06/04 05:34:34 Started with arguments []string{"C:\\Users\\oncioiu\\Infineon\\Tools\\InfineonGUIDesigner\\2.68.0.202504300855\\resources\\launch-tool.exe", "-f", "C:\\dev\\oneeye_aurix_examples_ads\\workspace\\OneEye_AllInOneDAS_TC4X\\demo\\TC499_ADS_OneEye_DAS_AllInOne.OneEye"}
2025/06/04 05:34:34 Started in directory C:\dev\oneeye_aurix_examples_ads\workspace\OneEye_AllInOneDAS_TC4X\demo
2025/06/04 05:34:34 Reading tool data
2025/06/04 05:34:34 Reading "C:\\Users\\oncioiu\\Infineon\\Tools\\InfineonGUIDesigner\\2.68.0.202504300855\\resources\\tool-details.json"
2025/06/04 05:34:34 Validating tool data
2025/06/04 05:34:34 Starting tool &main.Tool{FeatureID:"com.ifx.tb.tool.oneeye3", Title:"Infineon GUI Designer - OneEye", Version:"2.68.0.202504300855", Path:"C:\\Users\\oncioiu\\Infineon\\Tools\\InfineonGUIDesigner\\2.68.0.202504300855\\bin\\bin\\InfineonGUIDesigner.exe"}
2025/06/04 05:34:34 Starting "C:\\Users\\oncioiu\\Infineon\\Tools\\InfineonGUIDesigner\\2.68.0.202504300855\\bin\\bin\\InfineonGUIDesigner.exe" with arguments []string{"-f", "C:\\dev\\oneeye_aurix_examples_ads\\workspace\\OneEye_AllInOneDAS_TC4X\\demo\\TC499_ADS_OneEye_DAS_AllInOne.OneEye"}
2025/06/04 05:34:34 Starting "C:\\Users\\oncioiu\\Infineon\\Tools\\InfineonGUIDesigner\\2.68.0.202504300855\\bin\\bin\\InfineonGUIDesigner.exe" in directory "C:\\Users\\oncioiu\\Infineon\\Tools\\InfineonGUIDesigner\\2.68.0.202504300855\\bin\\bin"
2025/06/04 05:34:34 Started "C:\\Users\\oncioiu\\Infineon\\Tools\\InfineonGUIDesigner\\2.68.0.202504300855\\bin\\bin\\InfineonGUIDesigner.exe" as PID 5624
2025/06/04 05:34:34 Starting Launcher Service
2025/06/04 05:34:34 Starting "C:\\Users\\oncioiu\\Infineon\\LauncherService\\idc-launcher-service.exe" with arguments []string{"-featureid", "com.ifx.tb.tool.oneeye3:2.68.0.202504300855", "-notification", "-toolbox.service", "checkUpdate com.ifx.tb.tool.oneeye3"}
2025/06/04 05:34:34 Starting "C:\\Users\\oncioiu\\Infineon\\LauncherService\\idc-launcher-service.exe" in directory "C:\\Users\\oncioiu\\Infineon\\LauncherService"
2025/06/04 05:34:34 Started "C:\\Users\\oncioiu\\Infineon\\LauncherService\\idc-launcher-service.exe" as PID 13884
2025/06/04 05:35:40 Started Launch Tool 2.0.7
2025/06/04 05:35:40 Started as PID 2532
2025/06/04 05:35:40 Started with arguments []string{"C:\\Users\\oncioiu\\Infineon\\Tools\\InfineonGUIDesigner\\2.68.0.202504300855\\resources\\launch-tool.exe", "-f", "C:\\dev\\oneeye_aurix_examples_ads\\workspace\\OneEye_AllInOneDAS_TC4X\\demo\\TC499_ADS_OneEye_DAS_AllInOne.OneEye"}
2025/06/04 05:35:40 Started in directory C:\dev\oneeye_aurix_examples_ads\workspace\OneEye_AllInOneDAS_TC4X\demo
2025/06/04 05:35:40 Reading tool data
2025/06/04 05:35:40 Reading "C:\\Users\\oncioiu\\Infineon\\Tools\\InfineonGUIDesigner\\2.68.0.202504300855\\resources\\tool-details.json"
2025/06/04 05:35:40 Validating tool data
2025/06/04 05:35:40 Starting tool &main.Tool{FeatureID:"com.ifx.tb.tool.oneeye3", Title:"Infineon GUI Designer - OneEye", Version:"2.68.0.202504300855", Path:"C:\\Users\\oncioiu\\Infineon\\Tools\\InfineonGUIDesigner\\2.68.0.202504300855\\bin\\bin\\InfineonGUIDesigner.exe"}
2025/06/04 05:35:40 Starting "C:\\Users\\oncioiu\\Infineon\\Tools\\InfineonGUIDesigner\\2.68.0.202504300855\\bin\\bin\\InfineonGUIDesigner.exe" with arguments []string{"-f", "C:\\dev\\oneeye_aurix_examples_ads\\workspace\\OneEye_AllInOneDAS_TC4X\\demo\\TC499_ADS_OneEye_DAS_AllInOne.OneEye"}
2025/06/04 05:35:40 Starting "C:\\Users\\oncioiu\\Infineon\\Tools\\InfineonGUIDesigner\\2.68.0.202504300855\\bin\\bin\\InfineonGUIDesigner.exe" in directory "C:\\Users\\oncioiu\\Infineon\\Tools\\InfineonGUIDesigner\\2.68.0.202504300855\\bin\\bin"
2025/06/04 05:35:40 Started "C:\\Users\\oncioiu\\Infineon\\Tools\\InfineonGUIDesigner\\2.68.0.202504300855\\bin\\bin\\InfineonGUIDesigner.exe" as PID 14172
2025/06/04 05:35:40 Starting Launcher Service
2025/06/04 05:35:40 Starting "C:\\Users\\oncioiu\\Infineon\\LauncherService\\idc-launcher-service.exe" with arguments []string{"-featureid", "com.ifx.tb.tool.oneeye3:2.68.0.202504300855", "-notification", "-toolbox.service", "checkUpdate com.ifx.tb.tool.oneeye3"}
2025/06/04 05:35:40 Starting "C:\\Users\\oncioiu\\Infineon\\LauncherService\\idc-launcher-service.exe" in directory "C:\\Users\\oncioiu\\Infineon\\LauncherService"
2025/06/04 05:35:40 Started "C:\\Users\\oncioiu\\Infineon\\LauncherService\\idc-launcher-service.exe" as PID 17776
2025/06/04 05:36:28 Started Launch Tool 2.0.7
2025/06/04 05:36:28 Started as PID 18780
2025/06/04 05:36:28 Started with arguments []string{"C:\\Users\\oncioiu\\Infineon\\Tools\\InfineonGUIDesigner\\2.68.0.202504300855\\resources\\launch-tool.exe", "-f", "C:\\dev\\oneeye_aurix_examples_ads\\workspace\\OneEye_AllInOneDAS_TC4X\\demo\\TC499_ADS_OneEye_DAS_AllInOne.OneEye"}
2025/06/04 05:36:28 Started in directory C:\dev\oneeye_aurix_examples_ads\workspace\OneEye_AllInOneDAS_TC4X\demo
2025/06/04 05:36:28 Reading tool data
2025/06/04 05:36:28 Reading "C:\\Users\\oncioiu\\Infineon\\Tools\\InfineonGUIDesigner\\2.68.0.202504300855\\resources\\tool-details.json"
2025/06/04 05:36:28 Validating tool data
2025/06/04 05:36:28 Starting tool &main.Tool{FeatureID:"com.ifx.tb.tool.oneeye3", Title:"Infineon GUI Designer - OneEye", Version:"2.68.0.202504300855", Path:"C:\\Users\\oncioiu\\Infineon\\Tools\\InfineonGUIDesigner\\2.68.0.202504300855\\bin\\bin\\InfineonGUIDesigner.exe"}
2025/06/04 05:36:28 Starting "C:\\Users\\oncioiu\\Infineon\\Tools\\InfineonGUIDesigner\\2.68.0.202504300855\\bin\\bin\\InfineonGUIDesigner.exe" with arguments []string{"-f", "C:\\dev\\oneeye_aurix_examples_ads\\workspace\\OneEye_AllInOneDAS_TC4X\\demo\\TC499_ADS_OneEye_DAS_AllInOne.OneEye"}
2025/06/04 05:36:28 Starting "C:\\Users\\oncioiu\\Infineon\\Tools\\InfineonGUIDesigner\\2.68.0.202504300855\\bin\\bin\\InfineonGUIDesigner.exe" in directory "C:\\Users\\oncioiu\\Infineon\\Tools\\InfineonGUIDesigner\\2.68.0.202504300855\\bin\\bin"
2025/06/04 05:36:28 Started "C:\\Users\\oncioiu\\Infineon\\Tools\\InfineonGUIDesigner\\2.68.0.202504300855\\bin\\bin\\InfineonGUIDesigner.exe" as PID 16416
2025/06/04 05:36:28 Starting Launcher Service
2025/06/04 05:36:28 Starting "C:\\Users\\oncioiu\\Infineon\\LauncherService\\idc-launcher-service.exe" with arguments []string{"-featureid", "com.ifx.tb.tool.oneeye3:2.68.0.202504300855", "-notification", "-toolbox.service", "checkUpdate com.ifx.tb.tool.oneeye3"}
2025/06/04 05:36:28 Starting "C:\\Users\\oncioiu\\Infineon\\LauncherService\\idc-launcher-service.exe" in directory "C:\\Users\\oncioiu\\Infineon\\LauncherService"
2025/06/04 05:36:28 Started "C:\\Users\\oncioiu\\Infineon\\LauncherService\\idc-launcher-service.exe" as PID 21736
2025/06/04 05:37:15 Started Launch Tool 2.0.7
2025/06/04 05:37:15 Started as PID 22304
2025/06/04 05:37:15 Started with arguments []string{"C:\\Users\\oncioiu\\Infineon\\Tools\\InfineonGUIDesigner\\2.68.0.202504300855\\resources\\launch-tool.exe", "-f", "C:\\dev\\oneeye_aurix_examples_ads\\workspace\\OneEye_AllInOneDAS_TC4X\\demo\\TC499_OneEye_DAS_AllInOne.OneEye"}
2025/06/04 05:37:15 Started in directory C:\dev\oneeye_aurix_examples_ads\workspace\OneEye_AllInOneDAS_TC4X\demo
2025/06/04 05:37:15 Reading tool data
2025/06/04 05:37:15 Reading "C:\\Users\\oncioiu\\Infineon\\Tools\\InfineonGUIDesigner\\2.68.0.202504300855\\resources\\tool-details.json"
2025/06/04 05:37:15 Validating tool data
2025/06/04 05:37:15 Starting tool &main.Tool{FeatureID:"com.ifx.tb.tool.oneeye3", Title:"Infineon GUI Designer - OneEye", Version:"2.68.0.202504300855", Path:"C:\\Users\\oncioiu\\Infineon\\Tools\\InfineonGUIDesigner\\2.68.0.202504300855\\bin\\bin\\InfineonGUIDesigner.exe"}
2025/06/04 05:37:15 Starting "C:\\Users\\oncioiu\\Infineon\\Tools\\InfineonGUIDesigner\\2.68.0.202504300855\\bin\\bin\\InfineonGUIDesigner.exe" with arguments []string{"-f", "C:\\dev\\oneeye_aurix_examples_ads\\workspace\\OneEye_AllInOneDAS_TC4X\\demo\\TC499_OneEye_DAS_AllInOne.OneEye"}
2025/06/04 05:37:15 Starting "C:\\Users\\oncioiu\\Infineon\\Tools\\InfineonGUIDesigner\\2.68.0.202504300855\\bin\\bin\\InfineonGUIDesigner.exe" in directory "C:\\Users\\oncioiu\\Infineon\\Tools\\InfineonGUIDesigner\\2.68.0.202504300855\\bin\\bin"
2025/06/04 05:37:15 Started "C:\\Users\\oncioiu\\Infineon\\Tools\\InfineonGUIDesigner\\2.68.0.202504300855\\bin\\bin\\InfineonGUIDesigner.exe" as PID 21596
2025/06/04 05:37:15 Starting Launcher Service
2025/06/04 05:37:15 Starting "C:\\Users\\oncioiu\\Infineon\\LauncherService\\idc-launcher-service.exe" with arguments []string{"-featureid", "com.ifx.tb.tool.oneeye3:2.68.0.202504300855", "-notification", "-toolbox.service", "checkUpdate com.ifx.tb.tool.oneeye3"}
2025/06/04 05:37:15 Starting "C:\\Users\\oncioiu\\Infineon\\LauncherService\\idc-launcher-service.exe" in directory "C:\\Users\\oncioiu\\Infineon\\LauncherService"
2025/06/04 05:37:15 Started "C:\\Users\\oncioiu\\Infineon\\LauncherService\\idc-launcher-service.exe" as PID 20448
2025/06/04 05:37:31 Started Launch Tool 2.0.7
2025/06/04 05:37:31 Started as PID 20380
2025/06/04 05:37:31 Started with arguments []string{"C:\\Users\\oncioiu\\Infineon\\Tools\\InfineonGUIDesigner\\2.68.0.202504300855\\resources\\launch-tool.exe", "-f", "C:\\dev\\oneeye_aurix_examples_ads\\workspace\\OneEye_AllInOneDAS_TC4X\\demo\\TC499_OneEye_DAS_AllInOne.OneEye"}
2025/06/04 05:37:31 Started in directory C:\dev\oneeye_aurix_examples_ads\workspace\OneEye_AllInOneDAS_TC4X\demo
2025/06/04 05:37:31 Reading tool data
2025/06/04 05:37:31 Reading "C:\\Users\\oncioiu\\Infineon\\Tools\\InfineonGUIDesigner\\2.68.0.202504300855\\resources\\tool-details.json"
2025/06/04 05:37:31 Validating tool data
2025/06/04 05:37:31 Starting tool &main.Tool{FeatureID:"com.ifx.tb.tool.oneeye3", Title:"Infineon GUI Designer - OneEye", Version:"2.68.0.202504300855", Path:"C:\\Users\\oncioiu\\Infineon\\Tools\\InfineonGUIDesigner\\2.68.0.202504300855\\bin\\bin\\InfineonGUIDesigner.exe"}
2025/06/04 05:37:31 Starting "C:\\Users\\oncioiu\\Infineon\\Tools\\InfineonGUIDesigner\\2.68.0.202504300855\\bin\\bin\\InfineonGUIDesigner.exe" with arguments []string{"-f", "C:\\dev\\oneeye_aurix_examples_ads\\workspace\\OneEye_AllInOneDAS_TC4X\\demo\\TC499_OneEye_DAS_AllInOne.OneEye"}
2025/06/04 05:37:31 Starting "C:\\Users\\oncioiu\\Infineon\\Tools\\InfineonGUIDesigner\\2.68.0.202504300855\\bin\\bin\\InfineonGUIDesigner.exe" in directory "C:\\Users\\oncioiu\\Infineon\\Tools\\InfineonGUIDesigner\\2.68.0.202504300855\\bin\\bin"
2025/06/04 05:37:31 Started "C:\\Users\\oncioiu\\Infineon\\Tools\\InfineonGUIDesigner\\2.68.0.202504300855\\bin\\bin\\InfineonGUIDesigner.exe" as PID 10404
2025/06/04 05:37:31 Starting Launcher Service
2025/06/04 05:37:31 Starting "C:\\Users\\oncioiu\\Infineon\\LauncherService\\idc-launcher-service.exe" with arguments []string{"-featureid", "com.ifx.tb.tool.oneeye3:2.68.0.202504300855", "-notification", "-toolbox.service", "checkUpdate com.ifx.tb.tool.oneeye3"}
2025/06/04 05:37:31 Starting "C:\\Users\\oncioiu\\Infineon\\LauncherService\\idc-launcher-service.exe" in directory "C:\\Users\\oncioiu\\Infineon\\LauncherService"
2025/06/04 05:37:31 Started "C:\\Users\\oncioiu\\Infineon\\LauncherService\\idc-launcher-service.exe" as PID 16544
2025/06/04 05:38:02 Started Launch Tool 2.0.7
2025/06/04 05:38:02 Started as PID 13712
2025/06/04 05:38:02 Started with arguments []string{"C:\\Users\\oncioiu\\Infineon\\Tools\\InfineonGUIDesigner\\2.68.0.202504300855\\resources\\launch-tool.exe", "-f", "C:\\dev\\oneeye_aurix_examples_ads\\workspace\\OneEye_AllInOneDAS_TC4X\\demo\\TC499_ADS_OneEye_DAS_AllInOne.OneEye"}
2025/06/04 05:38:02 Started in directory C:\dev\oneeye_aurix_examples_ads\workspace\OneEye_AllInOneDAS_TC4X\demo
2025/06/04 05:38:02 Reading tool data
2025/06/04 05:38:02 Reading "C:\\Users\\oncioiu\\Infineon\\Tools\\InfineonGUIDesigner\\2.68.0.202504300855\\resources\\tool-details.json"
2025/06/04 05:38:02 Validating tool data
2025/06/04 05:38:02 Starting tool &main.Tool{FeatureID:"com.ifx.tb.tool.oneeye3", Title:"Infineon GUI Designer - OneEye", Version:"2.68.0.202504300855", Path:"C:\\Users\\oncioiu\\Infineon\\Tools\\InfineonGUIDesigner\\2.68.0.202504300855\\bin\\bin\\InfineonGUIDesigner.exe"}
2025/06/04 05:38:02 Starting "C:\\Users\\oncioiu\\Infineon\\Tools\\InfineonGUIDesigner\\2.68.0.202504300855\\bin\\bin\\InfineonGUIDesigner.exe" with arguments []string{"-f", "C:\\dev\\oneeye_aurix_examples_ads\\workspace\\OneEye_AllInOneDAS_TC4X\\demo\\TC499_ADS_OneEye_DAS_AllInOne.OneEye"}
2025/06/04 05:38:02 Starting "C:\\Users\\oncioiu\\Infineon\\Tools\\InfineonGUIDesigner\\2.68.0.202504300855\\bin\\bin\\InfineonGUIDesigner.exe" in directory "C:\\Users\\oncioiu\\Infineon\\Tools\\InfineonGUIDesigner\\2.68.0.202504300855\\bin\\bin"
2025/06/04 05:38:02 Started "C:\\Users\\oncioiu\\Infineon\\Tools\\InfineonGUIDesigner\\2.68.0.202504300855\\bin\\bin\\InfineonGUIDesigner.exe" as PID 18828
2025/06/04 05:38:02 Starting Launcher Service
2025/06/04 05:38:02 Starting "C:\\Users\\oncioiu\\Infineon\\LauncherService\\idc-launcher-service.exe" with arguments []string{"-featureid", "com.ifx.tb.tool.oneeye3:2.68.0.202504300855", "-notification", "-toolbox.service", "checkUpdate com.ifx.tb.tool.oneeye3"}
2025/06/04 05:38:02 Starting "C:\\Users\\oncioiu\\Infineon\\LauncherService\\idc-launcher-service.exe" in directory "C:\\Users\\oncioiu\\Infineon\\LauncherService"
2025/06/04 05:38:02 Started "C:\\Users\\oncioiu\\Infineon\\LauncherService\\idc-launcher-service.exe" as PID 21796
2025/06/04 05:45:33 Started Launch Tool 2.0.7
2025/06/04 05:45:33 Started as PID 14156
2025/06/04 05:45:33 Started with arguments []string{"C:\\Users\\oncioiu\\Infineon\\Tools\\InfineonGUIDesigner\\2.68.0.202504300855\\resources\\launch-tool.exe", "-f", "C:\\dev\\oneeye_aurix_examples_ads\\workspace\\OneEye_AllInOneDAS_TC4X\\demo\\TC499_ADS_OneEye_DAS_AllInOne.OneEye"}
2025/06/04 05:45:33 Started in directory C:\dev\oneeye_aurix_examples_ads\workspace\OneEye_AllInOneDAS_TC4X\demo
2025/06/04 05:45:33 Reading tool data
2025/06/04 05:45:33 Reading "C:\\Users\\oncioiu\\Infineon\\Tools\\InfineonGUIDesigner\\2.68.0.202504300855\\resources\\tool-details.json"
2025/06/04 05:45:33 Validating tool data
2025/06/04 05:45:33 Starting tool &main.Tool{FeatureID:"com.ifx.tb.tool.oneeye3", Title:"Infineon GUI Designer - OneEye", Version:"2.68.0.202504300855", Path:"C:\\Users\\oncioiu\\Infineon\\Tools\\InfineonGUIDesigner\\2.68.0.202504300855\\bin\\bin\\InfineonGUIDesigner.exe"}
2025/06/04 05:45:33 Starting "C:\\Users\\oncioiu\\Infineon\\Tools\\InfineonGUIDesigner\\2.68.0.202504300855\\bin\\bin\\InfineonGUIDesigner.exe" with arguments []string{"-f", "C:\\dev\\oneeye_aurix_examples_ads\\workspace\\OneEye_AllInOneDAS_TC4X\\demo\\TC499_ADS_OneEye_DAS_AllInOne.OneEye"}
2025/06/04 05:45:33 Starting "C:\\Users\\oncioiu\\Infineon\\Tools\\InfineonGUIDesigner\\2.68.0.202504300855\\bin\\bin\\InfineonGUIDesigner.exe" in directory "C:\\Users\\oncioiu\\Infineon\\Tools\\InfineonGUIDesigner\\2.68.0.202504300855\\bin\\bin"
2025/06/04 05:45:33 Started "C:\\Users\\oncioiu\\Infineon\\Tools\\InfineonGUIDesigner\\2.68.0.202504300855\\bin\\bin\\InfineonGUIDesigner.exe" as PID 22036
2025/06/04 05:45:33 Starting Launcher Service
2025/06/04 05:45:33 Starting "C:\\Users\\oncioiu\\Infineon\\LauncherService\\idc-launcher-service.exe" with arguments []string{"-featureid", "com.ifx.tb.tool.oneeye3:2.68.0.202504300855", "-notification", "-toolbox.service", "checkUpdate com.ifx.tb.tool.oneeye3"}
2025/06/04 05:45:33 Starting "C:\\Users\\oncioiu\\Infineon\\LauncherService\\idc-launcher-service.exe" in directory "C:\\Users\\oncioiu\\Infineon\\LauncherService"
2025/06/04 05:45:33 Started "C:\\Users\\oncioiu\\Infineon\\LauncherService\\idc-launcher-service.exe" as PID 22184
2025/06/11 07:02:10 Started Launch Tool 2.0.7
2025/06/11 07:02:10 Started as PID 17300
2025/06/11 07:02:10 Started with arguments []string{"C:\\Users\\oncioiu\\Infineon\\Tools\\InfineonGUIDesigner\\2.68.0.202504300855\\resources\\launch-tool.exe", "-f", "C:\\dev\\oneeye_aurix_examples_ads\\workspace\\OneEye_AllInOneDAS_TC4X\\demo\\TC499_ADS_OneEye_DAS_AllInOne.OneEye"}
2025/06/11 07:02:10 Started in directory C:\dev\oneeye_aurix_examples_ads\workspace\OneEye_AllInOneDAS_TC4X\demo
2025/06/11 07:02:10 Reading tool data
2025/06/11 07:02:10 Reading "C:\\Users\\oncioiu\\Infineon\\Tools\\InfineonGUIDesigner\\2.68.0.202504300855\\resources\\tool-details.json"
2025/06/11 07:02:10 Validating tool data
2025/06/11 07:02:10 Starting tool &main.Tool{FeatureID:"com.ifx.tb.tool.oneeye3", Title:"Infineon GUI Designer - OneEye", Version:"2.68.0.202504300855", Path:"C:\\Users\\oncioiu\\Infineon\\Tools\\InfineonGUIDesigner\\2.68.0.202504300855\\bin\\bin\\InfineonGUIDesigner.exe"}
2025/06/11 07:02:10 Starting "C:\\Users\\oncioiu\\Infineon\\Tools\\InfineonGUIDesigner\\2.68.0.202504300855\\bin\\bin\\InfineonGUIDesigner.exe" with arguments []string{"-f", "C:\\dev\\oneeye_aurix_examples_ads\\workspace\\OneEye_AllInOneDAS_TC4X\\demo\\TC499_ADS_OneEye_DAS_AllInOne.OneEye"}
2025/06/11 07:02:10 Starting "C:\\Users\\oncioiu\\Infineon\\Tools\\InfineonGUIDesigner\\2.68.0.202504300855\\bin\\bin\\InfineonGUIDesigner.exe" in directory "C:\\Users\\oncioiu\\Infineon\\Tools\\InfineonGUIDesigner\\2.68.0.202504300855\\bin\\bin"
2025/06/11 07:02:10 Started "C:\\Users\\oncioiu\\Infineon\\Tools\\InfineonGUIDesigner\\2.68.0.202504300855\\bin\\bin\\InfineonGUIDesigner.exe" as PID 11812
2025/06/11 07:02:10 Starting Launcher Service
2025/06/11 07:02:10 Starting "C:\\Users\\oncioiu\\Infineon\\LauncherService\\idc-launcher-service.exe" with arguments []string{"-featureid", "com.ifx.tb.tool.oneeye3:2.68.0.202504300855", "-notification", "-toolbox.service", "checkUpdate com.ifx.tb.tool.oneeye3"}
2025/06/11 07:02:10 Starting "C:\\Users\\oncioiu\\Infineon\\LauncherService\\idc-launcher-service.exe" in directory "C:\\Users\\oncioiu\\Infineon\\LauncherService"
2025/06/11 07:02:10 Started "C:\\Users\\oncioiu\\Infineon\\LauncherService\\idc-launcher-service.exe" as PID 35624
2025/06/11 07:03:19 Started Launch Tool 2.0.7
2025/06/11 07:03:19 Started as PID 2088
2025/06/11 07:03:19 Started with arguments []string{"C:\\Users\\oncioiu\\Infineon\\Tools\\InfineonGUIDesigner\\2.68.0.202504300855\\resources\\launch-tool.exe", "-f", "C:\\dev\\oneeye_aurix_examples_ads\\workspace\\OneEye_AllInOneDAS_TC4X\\demo\\TC499_ADS_OneEye_DAS_AllInOne.OneEye"}
2025/06/11 07:03:19 Started in directory C:\dev\oneeye_aurix_examples_ads\workspace\OneEye_AllInOneDAS_TC4X\demo
2025/06/11 07:03:19 Reading tool data
2025/06/11 07:03:19 Reading "C:\\Users\\oncioiu\\Infineon\\Tools\\InfineonGUIDesigner\\2.68.0.202504300855\\resources\\tool-details.json"
2025/06/11 07:03:19 Validating tool data
2025/06/11 07:03:19 Starting tool &main.Tool{FeatureID:"com.ifx.tb.tool.oneeye3", Title:"Infineon GUI Designer - OneEye", Version:"2.68.0.202504300855", Path:"C:\\Users\\oncioiu\\Infineon\\Tools\\InfineonGUIDesigner\\2.68.0.202504300855\\bin\\bin\\InfineonGUIDesigner.exe"}
2025/06/11 07:03:19 Starting "C:\\Users\\oncioiu\\Infineon\\Tools\\InfineonGUIDesigner\\2.68.0.202504300855\\bin\\bin\\InfineonGUIDesigner.exe" with arguments []string{"-f", "C:\\dev\\oneeye_aurix_examples_ads\\workspace\\OneEye_AllInOneDAS_TC4X\\demo\\TC499_ADS_OneEye_DAS_AllInOne.OneEye"}
2025/06/11 07:03:19 Starting "C:\\Users\\oncioiu\\Infineon\\Tools\\InfineonGUIDesigner\\2.68.0.202504300855\\bin\\bin\\InfineonGUIDesigner.exe" in directory "C:\\Users\\oncioiu\\Infineon\\Tools\\InfineonGUIDesigner\\2.68.0.202504300855\\bin\\bin"
2025/06/11 07:03:19 Started "C:\\Users\\oncioiu\\Infineon\\Tools\\InfineonGUIDesigner\\2.68.0.202504300855\\bin\\bin\\InfineonGUIDesigner.exe" as PID 35772
2025/06/11 07:03:19 Starting Launcher Service
2025/06/11 07:03:19 Starting "C:\\Users\\oncioiu\\Infineon\\LauncherService\\idc-launcher-service.exe" with arguments []string{"-featureid", "com.ifx.tb.tool.oneeye3:2.68.0.202504300855", "-notification", "-toolbox.service", "checkUpdate com.ifx.tb.tool.oneeye3"}
2025/06/11 07:03:19 Starting "C:\\Users\\oncioiu\\Infineon\\LauncherService\\idc-launcher-service.exe" in directory "C:\\Users\\oncioiu\\Infineon\\LauncherService"
2025/06/11 07:03:19 Started "C:\\Users\\oncioiu\\Infineon\\LauncherService\\idc-launcher-service.exe" as PID 33384
2025/06/11 07:21:09 Started Launch Tool 2.0.7
2025/06/11 07:21:09 Started as PID 28556
2025/06/11 07:21:09 Started with arguments []string{"C:\\Users\\oncioiu\\Infineon\\Tools\\InfineonGUIDesigner\\2.68.0.202504300855\\resources\\launch-tool.exe", "-f", "C:\\dev\\oneeye_aurix_examples_ads\\workspace\\OneEye_AllInOneDAS_TC4X\\demo\\TC499_OneEye_DAS_AllInOne.OneEye"}
2025/06/11 07:21:09 Started in directory C:\dev\oneeye_aurix_examples_ads\workspace\OneEye_AllInOneDAS_TC4X\demo
2025/06/11 07:21:09 Reading tool data
2025/06/11 07:21:09 Reading "C:\\Users\\oncioiu\\Infineon\\Tools\\InfineonGUIDesigner\\2.68.0.202504300855\\resources\\tool-details.json"
2025/06/11 07:21:09 Validating tool data
2025/06/11 07:21:09 Starting tool &main.Tool{FeatureID:"com.ifx.tb.tool.oneeye3", Title:"Infineon GUI Designer - OneEye", Version:"2.68.0.202504300855", Path:"C:\\Users\\oncioiu\\Infineon\\Tools\\InfineonGUIDesigner\\2.68.0.202504300855\\bin\\bin\\InfineonGUIDesigner.exe"}
2025/06/11 07:21:09 Starting "C:\\Users\\oncioiu\\Infineon\\Tools\\InfineonGUIDesigner\\2.68.0.202504300855\\bin\\bin\\InfineonGUIDesigner.exe" with arguments []string{"-f", "C:\\dev\\oneeye_aurix_examples_ads\\workspace\\OneEye_AllInOneDAS_TC4X\\demo\\TC499_OneEye_DAS_AllInOne.OneEye"}
2025/06/11 07:21:09 Starting "C:\\Users\\oncioiu\\Infineon\\Tools\\InfineonGUIDesigner\\2.68.0.202504300855\\bin\\bin\\InfineonGUIDesigner.exe" in directory "C:\\Users\\oncioiu\\Infineon\\Tools\\InfineonGUIDesigner\\2.68.0.202504300855\\bin\\bin"
2025/06/11 07:21:09 Started "C:\\Users\\oncioiu\\Infineon\\Tools\\InfineonGUIDesigner\\2.68.0.202504300855\\bin\\bin\\InfineonGUIDesigner.exe" as PID 37628
2025/06/11 07:21:09 Starting Launcher Service
2025/06/11 07:21:09 Starting "C:\\Users\\oncioiu\\Infineon\\LauncherService\\idc-launcher-service.exe" with arguments []string{"-featureid", "com.ifx.tb.tool.oneeye3:2.68.0.202504300855", "-notification", "-toolbox.service", "checkUpdate com.ifx.tb.tool.oneeye3"}
2025/06/11 07:21:09 Starting "C:\\Users\\oncioiu\\Infineon\\LauncherService\\idc-launcher-service.exe" in directory "C:\\Users\\oncioiu\\Infineon\\LauncherService"
2025/06/11 07:21:09 Started "C:\\Users\\oncioiu\\Infineon\\LauncherService\\idc-launcher-service.exe" as PID 24324
2025/06/11 07:22:53 Started Launch Tool 2.0.7
2025/06/11 07:22:53 Started as PID 6744
2025/06/11 07:22:53 Started with arguments []string{"C:\\Users\\oncioiu\\Infineon\\Tools\\InfineonGUIDesigner\\2.68.0.202504300855\\resources\\launch-tool.exe", "-f", "C:\\dev\\oneeye_aurix_examples_ads\\workspace\\OneEye_AllInOneDAS_TC4X\\demo\\TC499_ADS_OneEye_DAS_AllInOne.OneEye"}
2025/06/11 07:22:53 Started in directory C:\dev\oneeye_aurix_examples_ads\workspace\OneEye_AllInOneDAS_TC4X\demo
2025/06/11 07:22:53 Reading tool data
2025/06/11 07:22:53 Reading "C:\\Users\\oncioiu\\Infineon\\Tools\\InfineonGUIDesigner\\2.68.0.202504300855\\resources\\tool-details.json"
2025/06/11 07:22:53 Validating tool data
2025/06/11 07:22:53 Starting tool &main.Tool{FeatureID:"com.ifx.tb.tool.oneeye3", Title:"Infineon GUI Designer - OneEye", Version:"2.68.0.202504300855", Path:"C:\\Users\\oncioiu\\Infineon\\Tools\\InfineonGUIDesigner\\2.68.0.202504300855\\bin\\bin\\InfineonGUIDesigner.exe"}
2025/06/11 07:22:53 Starting "C:\\Users\\oncioiu\\Infineon\\Tools\\InfineonGUIDesigner\\2.68.0.202504300855\\bin\\bin\\InfineonGUIDesigner.exe" with arguments []string{"-f", "C:\\dev\\oneeye_aurix_examples_ads\\workspace\\OneEye_AllInOneDAS_TC4X\\demo\\TC499_ADS_OneEye_DAS_AllInOne.OneEye"}
2025/06/11 07:22:53 Starting "C:\\Users\\oncioiu\\Infineon\\Tools\\InfineonGUIDesigner\\2.68.0.202504300855\\bin\\bin\\InfineonGUIDesigner.exe" in directory "C:\\Users\\oncioiu\\Infineon\\Tools\\InfineonGUIDesigner\\2.68.0.202504300855\\bin\\bin"
2025/06/11 07:22:53 Started "C:\\Users\\oncioiu\\Infineon\\Tools\\InfineonGUIDesigner\\2.68.0.202504300855\\bin\\bin\\InfineonGUIDesigner.exe" as PID 19064
2025/06/11 07:22:53 Starting Launcher Service
2025/06/11 07:22:53 Starting "C:\\Users\\oncioiu\\Infineon\\LauncherService\\idc-launcher-service.exe" with arguments []string{"-featureid", "com.ifx.tb.tool.oneeye3:2.68.0.202504300855", "-notification", "-toolbox.service", "checkUpdate com.ifx.tb.tool.oneeye3"}
2025/06/11 07:22:53 Starting "C:\\Users\\oncioiu\\Infineon\\LauncherService\\idc-launcher-service.exe" in directory "C:\\Users\\oncioiu\\Infineon\\LauncherService"
2025/06/11 07:22:53 Started "C:\\Users\\oncioiu\\Infineon\\LauncherService\\idc-launcher-service.exe" as PID 2440
2025/06/11 07:39:49 Started Launch Tool 2.0.7
2025/06/11 07:39:49 Started as PID 18448
2025/06/11 07:39:49 Started with arguments []string{"C:\\Users\\oncioiu\\Infineon\\Tools\\InfineonGUIDesigner\\2.68.0.202504300855\\resources\\launch-tool.exe", "-f", "C:\\dev\\oneeye_aurix_examples_ads\\workspace\\OneEye_AllInOneDAS_TC4X\\demo\\TC499_OneEye_DAS_AllInOne.OneEye"}
2025/06/11 07:39:49 Started in directory C:\dev\oneeye_aurix_examples_ads\workspace\OneEye_AllInOneDAS_TC4X\demo
2025/06/11 07:39:49 Reading tool data
2025/06/11 07:39:49 Reading "C:\\Users\\oncioiu\\Infineon\\Tools\\InfineonGUIDesigner\\2.68.0.202504300855\\resources\\tool-details.json"
2025/06/11 07:39:49 Validating tool data
2025/06/11 07:39:49 Starting tool &main.Tool{FeatureID:"com.ifx.tb.tool.oneeye3", Title:"Infineon GUI Designer - OneEye", Version:"2.68.0.202504300855", Path:"C:\\Users\\oncioiu\\Infineon\\Tools\\InfineonGUIDesigner\\2.68.0.202504300855\\bin\\bin\\InfineonGUIDesigner.exe"}
2025/06/11 07:39:49 Starting "C:\\Users\\oncioiu\\Infineon\\Tools\\InfineonGUIDesigner\\2.68.0.202504300855\\bin\\bin\\InfineonGUIDesigner.exe" with arguments []string{"-f", "C:\\dev\\oneeye_aurix_examples_ads\\workspace\\OneEye_AllInOneDAS_TC4X\\demo\\TC499_OneEye_DAS_AllInOne.OneEye"}
2025/06/11 07:39:49 Starting "C:\\Users\\oncioiu\\Infineon\\Tools\\InfineonGUIDesigner\\2.68.0.202504300855\\bin\\bin\\InfineonGUIDesigner.exe" in directory "C:\\Users\\oncioiu\\Infineon\\Tools\\InfineonGUIDesigner\\2.68.0.202504300855\\bin\\bin"
2025/06/11 07:39:49 Started "C:\\Users\\oncioiu\\Infineon\\Tools\\InfineonGUIDesigner\\2.68.0.202504300855\\bin\\bin\\InfineonGUIDesigner.exe" as PID 33856
2025/06/11 07:39:49 Starting Launcher Service
2025/06/11 07:39:49 Starting "C:\\Users\\oncioiu\\Infineon\\LauncherService\\idc-launcher-service.exe" with arguments []string{"-featureid", "com.ifx.tb.tool.oneeye3:2.68.0.202504300855", "-notification", "-toolbox.service", "checkUpdate com.ifx.tb.tool.oneeye3"}
2025/06/11 07:39:49 Starting "C:\\Users\\oncioiu\\Infineon\\LauncherService\\idc-launcher-service.exe" in directory "C:\\Users\\oncioiu\\Infineon\\LauncherService"
2025/06/11 07:39:49 Started "C:\\Users\\oncioiu\\Infineon\\LauncherService\\idc-launcher-service.exe" as PID 36312
2025/06/11 07:58:12 Started Launch Tool 2.0.7
2025/06/11 07:58:12 Started as PID 32636
2025/06/11 07:58:12 Started with arguments []string{"C:\\Users\\oncioiu\\Infineon\\Tools\\InfineonGUIDesigner\\2.68.0.202504300855\\resources\\launch-tool.exe", "-f", "C:\\dev\\oneeye_aurix_examples_ads\\workspace\\OneEye_AllInOneDAS_TC4X\\demo\\oscdas.OneEye"}
2025/06/11 07:58:12 Started in directory C:\dev\oneeye_aurix_examples_ads\workspace\OneEye_AllInOneDAS_TC4X\demo
2025/06/11 07:58:12 Reading tool data
2025/06/11 07:58:12 Reading "C:\\Users\\oncioiu\\Infineon\\Tools\\InfineonGUIDesigner\\2.68.0.202504300855\\resources\\tool-details.json"
2025/06/11 07:58:12 Validating tool data
2025/06/11 07:58:12 Starting tool &main.Tool{FeatureID:"com.ifx.tb.tool.oneeye3", Title:"Infineon GUI Designer - OneEye", Version:"2.68.0.202504300855", Path:"C:\\Users\\oncioiu\\Infineon\\Tools\\InfineonGUIDesigner\\2.68.0.202504300855\\bin\\bin\\InfineonGUIDesigner.exe"}
2025/06/11 07:58:12 Starting "C:\\Users\\oncioiu\\Infineon\\Tools\\InfineonGUIDesigner\\2.68.0.202504300855\\bin\\bin\\InfineonGUIDesigner.exe" with arguments []string{"-f", "C:\\dev\\oneeye_aurix_examples_ads\\workspace\\OneEye_AllInOneDAS_TC4X\\demo\\oscdas.OneEye"}
2025/06/11 07:58:12 Starting "C:\\Users\\oncioiu\\Infineon\\Tools\\InfineonGUIDesigner\\2.68.0.202504300855\\bin\\bin\\InfineonGUIDesigner.exe" in directory "C:\\Users\\oncioiu\\Infineon\\Tools\\InfineonGUIDesigner\\2.68.0.202504300855\\bin\\bin"
2025/06/11 07:58:12 Started "C:\\Users\\oncioiu\\Infineon\\Tools\\InfineonGUIDesigner\\2.68.0.202504300855\\bin\\bin\\InfineonGUIDesigner.exe" as PID 37832
2025/06/11 07:58:12 Starting Launcher Service
2025/06/11 07:58:12 Starting "C:\\Users\\oncioiu\\Infineon\\LauncherService\\idc-launcher-service.exe" with arguments []string{"-featureid", "com.ifx.tb.tool.oneeye3:2.68.0.202504300855", "-notification", "-toolbox.service", "checkUpdate com.ifx.tb.tool.oneeye3"}
2025/06/11 07:58:12 Starting "C:\\Users\\oncioiu\\Infineon\\LauncherService\\idc-launcher-service.exe" in directory "C:\\Users\\oncioiu\\Infineon\\LauncherService"
2025/06/11 07:58:12 Started "C:\\Users\\oncioiu\\Infineon\\LauncherService\\idc-launcher-service.exe" as PID 33312
2025/06/11 08:00:13 Started Launch Tool 2.0.7
2025/06/11 08:00:13 Started as PID 36004
2025/06/11 08:00:13 Started with arguments []string{"C:\\Users\\oncioiu\\Infineon\\Tools\\InfineonGUIDesigner\\2.68.0.202504300855\\resources\\launch-tool.exe", "-f", "C:\\dev\\oneeye_aurix_examples_ads\\workspace\\OneEye_AllInOneDAS_TC4X\\demo\\oscdas.OneEye"}
2025/06/11 08:00:13 Started in directory C:\dev\oneeye_aurix_examples_ads\workspace\OneEye_AllInOneDAS_TC4X\demo
2025/06/11 08:00:13 Reading tool data
2025/06/11 08:00:13 Reading "C:\\Users\\oncioiu\\Infineon\\Tools\\InfineonGUIDesigner\\2.68.0.202504300855\\resources\\tool-details.json"
2025/06/11 08:00:13 Validating tool data
2025/06/11 08:00:13 Starting tool &main.Tool{FeatureID:"com.ifx.tb.tool.oneeye3", Title:"Infineon GUI Designer - OneEye", Version:"2.68.0.202504300855", Path:"C:\\Users\\oncioiu\\Infineon\\Tools\\InfineonGUIDesigner\\2.68.0.202504300855\\bin\\bin\\InfineonGUIDesigner.exe"}
2025/06/11 08:00:13 Starting "C:\\Users\\oncioiu\\Infineon\\Tools\\InfineonGUIDesigner\\2.68.0.202504300855\\bin\\bin\\InfineonGUIDesigner.exe" with arguments []string{"-f", "C:\\dev\\oneeye_aurix_examples_ads\\workspace\\OneEye_AllInOneDAS_TC4X\\demo\\oscdas.OneEye"}
2025/06/11 08:00:13 Starting "C:\\Users\\oncioiu\\Infineon\\Tools\\InfineonGUIDesigner\\2.68.0.202504300855\\bin\\bin\\InfineonGUIDesigner.exe" in directory "C:\\Users\\oncioiu\\Infineon\\Tools\\InfineonGUIDesigner\\2.68.0.202504300855\\bin\\bin"
2025/06/11 08:00:13 Started "C:\\Users\\oncioiu\\Infineon\\Tools\\InfineonGUIDesigner\\2.68.0.202504300855\\bin\\bin\\InfineonGUIDesigner.exe" as PID 1392
2025/06/11 08:00:13 Starting Launcher Service
2025/06/11 08:00:13 Starting "C:\\Users\\oncioiu\\Infineon\\LauncherService\\idc-launcher-service.exe" with arguments []string{"-featureid", "com.ifx.tb.tool.oneeye3:2.68.0.202504300855", "-notification", "-toolbox.service", "checkUpdate com.ifx.tb.tool.oneeye3"}
2025/06/11 08:00:13 Starting "C:\\Users\\oncioiu\\Infineon\\LauncherService\\idc-launcher-service.exe" in directory "C:\\Users\\oncioiu\\Infineon\\LauncherService"
2025/06/11 08:00:13 Started "C:\\Users\\oncioiu\\Infineon\\LauncherService\\idc-launcher-service.exe" as PID 32444
2025/06/11 08:04:33 Started Launch Tool 2.0.7
2025/06/11 08:04:33 Started as PID 14576
2025/06/11 08:04:33 Started with arguments []string{"C:\\Users\\oncioiu\\Infineon\\Tools\\InfineonGUIDesigner\\2.68.0.202504300855\\resources\\launch-tool.exe", "-f", "C:\\dev\\oneeye_aurix_examples_ads\\workspace\\OneEye_AllInOneDAS_TC4X\\demo\\TC499_OneEye_DAS_AllInOnefromUART.OneEye"}
2025/06/11 08:04:33 Started in directory C:\dev\oneeye_aurix_examples_ads\workspace\OneEye_AllInOneDAS_TC4X\demo
2025/06/11 08:04:33 Reading tool data
2025/06/11 08:04:33 Reading "C:\\Users\\oncioiu\\Infineon\\Tools\\InfineonGUIDesigner\\2.68.0.202504300855\\resources\\tool-details.json"
2025/06/11 08:04:33 Validating tool data
2025/06/11 08:04:33 Starting tool &main.Tool{FeatureID:"com.ifx.tb.tool.oneeye3", Title:"Infineon GUI Designer - OneEye", Version:"2.68.0.202504300855", Path:"C:\\Users\\oncioiu\\Infineon\\Tools\\InfineonGUIDesigner\\2.68.0.202504300855\\bin\\bin\\InfineonGUIDesigner.exe"}
2025/06/11 08:04:33 Starting "C:\\Users\\oncioiu\\Infineon\\Tools\\InfineonGUIDesigner\\2.68.0.202504300855\\bin\\bin\\InfineonGUIDesigner.exe" with arguments []string{"-f", "C:\\dev\\oneeye_aurix_examples_ads\\workspace\\OneEye_AllInOneDAS_TC4X\\demo\\TC499_OneEye_DAS_AllInOnefromUART.OneEye"}
2025/06/11 08:04:33 Starting "C:\\Users\\oncioiu\\Infineon\\Tools\\InfineonGUIDesigner\\2.68.0.202504300855\\bin\\bin\\InfineonGUIDesigner.exe" in directory "C:\\Users\\oncioiu\\Infineon\\Tools\\InfineonGUIDesigner\\2.68.0.202504300855\\bin\\bin"
2025/06/11 08:04:33 Started "C:\\Users\\oncioiu\\Infineon\\Tools\\InfineonGUIDesigner\\2.68.0.202504300855\\bin\\bin\\InfineonGUIDesigner.exe" as PID 32816
2025/06/11 08:04:33 Starting Launcher Service
2025/06/11 08:04:33 Starting "C:\\Users\\oncioiu\\Infineon\\LauncherService\\idc-launcher-service.exe" with arguments []string{"-featureid", "com.ifx.tb.tool.oneeye3:2.68.0.202504300855", "-notification", "-toolbox.service", "checkUpdate com.ifx.tb.tool.oneeye3"}
2025/06/11 08:04:33 Starting "C:\\Users\\oncioiu\\Infineon\\LauncherService\\idc-launcher-service.exe" in directory "C:\\Users\\oncioiu\\Infineon\\LauncherService"
2025/06/11 08:04:33 Started "C:\\Users\\oncioiu\\Infineon\\LauncherService\\idc-launcher-service.exe" as PID 24408
2025/06/11 08:06:02 Started Launch Tool 2.0.7
2025/06/11 08:06:02 Started as PID 35352
2025/06/11 08:06:02 Started with arguments []string{"C:\\Users\\oncioiu\\Infineon\\Tools\\InfineonGUIDesigner\\2.68.0.202504300855\\resources\\launch-tool.exe", "-f", "C:\\dev\\oneeye_aurix_examples_ads\\workspace\\OneEye_AllInOneDAS_TC4X\\demo\\TC499_ADS_OneEye_DAS_AllInOne.OneEye"}
2025/06/11 08:06:02 Started in directory C:\dev\oneeye_aurix_examples_ads\workspace\OneEye_AllInOneDAS_TC4X\demo
2025/06/11 08:06:02 Reading tool data
2025/06/11 08:06:02 Reading "C:\\Users\\oncioiu\\Infineon\\Tools\\InfineonGUIDesigner\\2.68.0.202504300855\\resources\\tool-details.json"
2025/06/11 08:06:02 Validating tool data
2025/06/11 08:06:02 Starting tool &main.Tool{FeatureID:"com.ifx.tb.tool.oneeye3", Title:"Infineon GUI Designer - OneEye", Version:"2.68.0.202504300855", Path:"C:\\Users\\oncioiu\\Infineon\\Tools\\InfineonGUIDesigner\\2.68.0.202504300855\\bin\\bin\\InfineonGUIDesigner.exe"}
2025/06/11 08:06:02 Starting "C:\\Users\\oncioiu\\Infineon\\Tools\\InfineonGUIDesigner\\2.68.0.202504300855\\bin\\bin\\InfineonGUIDesigner.exe" with arguments []string{"-f", "C:\\dev\\oneeye_aurix_examples_ads\\workspace\\OneEye_AllInOneDAS_TC4X\\demo\\TC499_ADS_OneEye_DAS_AllInOne.OneEye"}
2025/06/11 08:06:02 Starting "C:\\Users\\oncioiu\\Infineon\\Tools\\InfineonGUIDesigner\\2.68.0.202504300855\\bin\\bin\\InfineonGUIDesigner.exe" in directory "C:\\Users\\oncioiu\\Infineon\\Tools\\InfineonGUIDesigner\\2.68.0.202504300855\\bin\\bin"
2025/06/11 08:06:02 Started "C:\\Users\\oncioiu\\Infineon\\Tools\\InfineonGUIDesigner\\2.68.0.202504300855\\bin\\bin\\InfineonGUIDesigner.exe" as PID 35780
2025/06/11 08:06:02 Starting Launcher Service
2025/06/11 08:06:02 Starting "C:\\Users\\oncioiu\\Infineon\\LauncherService\\idc-launcher-service.exe" with arguments []string{"-featureid", "com.ifx.tb.tool.oneeye3:2.68.0.202504300855", "-notification", "-toolbox.service", "checkUpdate com.ifx.tb.tool.oneeye3"}
2025/06/11 08:06:02 Starting "C:\\Users\\oncioiu\\Infineon\\LauncherService\\idc-launcher-service.exe" in directory "C:\\Users\\oncioiu\\Infineon\\LauncherService"
2025/06/11 08:06:02 Started "C:\\Users\\oncioiu\\Infineon\\LauncherService\\idc-launcher-service.exe" as PID 36308
2025/06/11 09:51:29 Started Launch Tool 2.0.7
2025/06/11 09:51:29 Started as PID 4600
2025/06/11 09:51:29 Started with arguments []string{"C:\\Users\\oncioiu\\Infineon\\Tools\\InfineonGUIDesigner\\2.68.0.202504300855\\resources\\launch-tool.exe", "-f", "C:\\dev\\oneeye_aurix_examples_ads\\workspace\\OneEye_AllInOneDAS_TC4X\\demo\\TC499_OneEye_DAS_AllInOnefromUART.OneEye"}
2025/06/11 09:51:29 Started in directory C:\dev\oneeye_aurix_examples_ads\workspace\OneEye_AllInOneDAS_TC4X\demo
2025/06/11 09:51:29 Reading tool data
2025/06/11 09:51:29 Reading "C:\\Users\\oncioiu\\Infineon\\Tools\\InfineonGUIDesigner\\2.68.0.202504300855\\resources\\tool-details.json"
2025/06/11 09:51:29 Validating tool data
2025/06/11 09:51:29 Starting tool &main.Tool{FeatureID:"com.ifx.tb.tool.oneeye3", Title:"Infineon GUI Designer - OneEye", Version:"2.68.0.202504300855", Path:"C:\\Users\\oncioiu\\Infineon\\Tools\\InfineonGUIDesigner\\2.68.0.202504300855\\bin\\bin\\InfineonGUIDesigner.exe"}
2025/06/11 09:51:29 Starting "C:\\Users\\oncioiu\\Infineon\\Tools\\InfineonGUIDesigner\\2.68.0.202504300855\\bin\\bin\\InfineonGUIDesigner.exe" with arguments []string{"-f", "C:\\dev\\oneeye_aurix_examples_ads\\workspace\\OneEye_AllInOneDAS_TC4X\\demo\\TC499_OneEye_DAS_AllInOnefromUART.OneEye"}
2025/06/11 09:51:29 Starting "C:\\Users\\oncioiu\\Infineon\\Tools\\InfineonGUIDesigner\\2.68.0.202504300855\\bin\\bin\\InfineonGUIDesigner.exe" in directory "C:\\Users\\oncioiu\\Infineon\\Tools\\InfineonGUIDesigner\\2.68.0.202504300855\\bin\\bin"
2025/06/11 09:51:29 Started "C:\\Users\\oncioiu\\Infineon\\Tools\\InfineonGUIDesigner\\2.68.0.202504300855\\bin\\bin\\InfineonGUIDesigner.exe" as PID 37280
2025/06/11 09:51:29 Starting Launcher Service
2025/06/11 09:51:29 Starting "C:\\Users\\oncioiu\\Infineon\\LauncherService\\idc-launcher-service.exe" with arguments []string{"-featureid", "com.ifx.tb.tool.oneeye3:2.68.0.202504300855", "-notification", "-toolbox.service", "checkUpdate com.ifx.tb.tool.oneeye3"}
2025/06/11 09:51:29 Starting "C:\\Users\\oncioiu\\Infineon\\LauncherService\\idc-launcher-service.exe" in directory "C:\\Users\\oncioiu\\Infineon\\LauncherService"
2025/06/11 09:51:29 Started "C:\\Users\\oncioiu\\Infineon\\LauncherService\\idc-launcher-service.exe" as PID 30940
2025/06/11 10:27:13 Started Launch Tool 2.0.7
2025/06/11 10:27:13 Started as PID 30232
2025/06/11 10:27:13 Started with arguments []string{"C:\\Users\\oncioiu\\Infineon\\Tools\\InfineonGUIDesigner\\2.68.0.202504300855\\resources\\launch-tool.exe", "-f", "C:\\dev\\oneeye_aurix_examples_ads\\workspace\\OneEye_AllInOneDAS_TC4X\\demo\\TC499_OneEye_DAS_AllInOnefromUART.OneEye"}
2025/06/11 10:27:13 Started in directory C:\dev\oneeye_aurix_examples_ads\workspace\OneEye_AllInOneDAS_TC4X\demo
2025/06/11 10:27:13 Reading tool data
2025/06/11 10:27:13 Reading "C:\\Users\\oncioiu\\Infineon\\Tools\\InfineonGUIDesigner\\2.68.0.202504300855\\resources\\tool-details.json"
2025/06/11 10:27:13 Validating tool data
2025/06/11 10:27:13 Starting tool &main.Tool{FeatureID:"com.ifx.tb.tool.oneeye3", Title:"Infineon GUI Designer - OneEye", Version:"2.68.0.202504300855", Path:"C:\\Users\\oncioiu\\Infineon\\Tools\\InfineonGUIDesigner\\2.68.0.202504300855\\bin\\bin\\InfineonGUIDesigner.exe"}
2025/06/11 10:27:13 Starting "C:\\Users\\oncioiu\\Infineon\\Tools\\InfineonGUIDesigner\\2.68.0.202504300855\\bin\\bin\\InfineonGUIDesigner.exe" with arguments []string{"-f", "C:\\dev\\oneeye_aurix_examples_ads\\workspace\\OneEye_AllInOneDAS_TC4X\\demo\\TC499_OneEye_DAS_AllInOnefromUART.OneEye"}
2025/06/11 10:27:13 Starting "C:\\Users\\oncioiu\\Infineon\\Tools\\InfineonGUIDesigner\\2.68.0.202504300855\\bin\\bin\\InfineonGUIDesigner.exe" in directory "C:\\Users\\oncioiu\\Infineon\\Tools\\InfineonGUIDesigner\\2.68.0.202504300855\\bin\\bin"
2025/06/11 10:27:13 Started "C:\\Users\\oncioiu\\Infineon\\Tools\\InfineonGUIDesigner\\2.68.0.202504300855\\bin\\bin\\InfineonGUIDesigner.exe" as PID 31436
2025/06/11 10:27:13 Starting Launcher Service
2025/06/11 10:27:13 Starting "C:\\Users\\oncioiu\\Infineon\\LauncherService\\idc-launcher-service.exe" with arguments []string{"-featureid", "com.ifx.tb.tool.oneeye3:2.68.0.202504300855", "-notification", "-toolbox.service", "checkUpdate com.ifx.tb.tool.oneeye3"}
2025/06/11 10:27:13 Starting "C:\\Users\\oncioiu\\Infineon\\LauncherService\\idc-launcher-service.exe" in directory "C:\\Users\\oncioiu\\Infineon\\LauncherService"
2025/06/11 10:27:13 Started "C:\\Users\\oncioiu\\Infineon\\LauncherService\\idc-launcher-service.exe" as PID 33580
2025/06/12 05:57:07 Started Launch Tool 2.0.7
2025/06/12 05:57:07 Started as PID 14208
2025/06/12 05:57:07 Started with arguments []string{"C:\\Users\\oncioiu\\Infineon\\Tools\\InfineonGUIDesigner\\2.68.0.202504300855\\resources\\launch-tool.exe", "-f", "C:\\dev\\oneeye_aurix_examples_ads\\workspace\\OneEye_DAS_AllInOne_1_KIT_TC499_TRB\\demo\\TC499_OneEye_DAS_AllInOnefromUART.OneEye"}
2025/06/12 05:57:07 Started in directory C:\dev\oneeye_aurix_examples_ads\workspace\OneEye_DAS_AllInOne_1_KIT_TC499_TRB\demo
2025/06/12 05:57:07 Reading tool data
2025/06/12 05:57:07 Reading "C:\\Users\\oncioiu\\Infineon\\Tools\\InfineonGUIDesigner\\2.68.0.202504300855\\resources\\tool-details.json"
2025/06/12 05:57:07 Validating tool data
2025/06/12 05:57:07 Starting tool &main.Tool{FeatureID:"com.ifx.tb.tool.oneeye3", Title:"Infineon GUI Designer - OneEye", Version:"2.68.0.202504300855", Path:"C:\\Users\\oncioiu\\Infineon\\Tools\\InfineonGUIDesigner\\2.68.0.202504300855\\bin\\bin\\InfineonGUIDesigner.exe"}
2025/06/12 05:57:07 Starting "C:\\Users\\oncioiu\\Infineon\\Tools\\InfineonGUIDesigner\\2.68.0.202504300855\\bin\\bin\\InfineonGUIDesigner.exe" with arguments []string{"-f", "C:\\dev\\oneeye_aurix_examples_ads\\workspace\\OneEye_DAS_AllInOne_1_KIT_TC499_TRB\\demo\\TC499_OneEye_DAS_AllInOnefromUART.OneEye"}
2025/06/12 05:57:07 Starting "C:\\Users\\oncioiu\\Infineon\\Tools\\InfineonGUIDesigner\\2.68.0.202504300855\\bin\\bin\\InfineonGUIDesigner.exe" in directory "C:\\Users\\oncioiu\\Infineon\\Tools\\InfineonGUIDesigner\\2.68.0.202504300855\\bin\\bin"
2025/06/12 05:57:07 Started "C:\\Users\\oncioiu\\Infineon\\Tools\\InfineonGUIDesigner\\2.68.0.202504300855\\bin\\bin\\InfineonGUIDesigner.exe" as PID 22732
2025/06/12 05:57:07 Starting Launcher Service
2025/06/12 05:57:07 Starting "C:\\Users\\oncioiu\\Infineon\\LauncherService\\idc-launcher-service.exe" with arguments []string{"-featureid", "com.ifx.tb.tool.oneeye3:2.68.0.202504300855", "-notification", "-toolbox.service", "checkUpdate com.ifx.tb.tool.oneeye3"}
2025/06/12 05:57:07 Starting "C:\\Users\\oncioiu\\Infineon\\LauncherService\\idc-launcher-service.exe" in directory "C:\\Users\\oncioiu\\Infineon\\LauncherService"
2025/06/12 05:57:08 Started "C:\\Users\\oncioiu\\Infineon\\LauncherService\\idc-launcher-service.exe" as PID 22680
2025/06/12 06:02:17 Started Launch Tool 2.0.7
2025/06/12 06:02:17 Started as PID 13420
2025/06/12 06:02:17 Started with arguments []string{"C:\\Users\\oncioiu\\Infineon\\Tools\\InfineonGUIDesigner\\2.68.0.202504300855\\resources\\launch-tool.exe", "-f", "C:\\dev\\oneeye_aurix_examples_ads\\workspace\\OneEye_DAS_AllInOne_1_KIT_TC499_TRB\\demo\\TC499_OneEye_DAS_AllInOne-documentation.OneEye"}
2025/06/12 06:02:17 Started in directory C:\dev\oneeye_aurix_examples_ads\workspace\OneEye_DAS_AllInOne_1_KIT_TC499_TRB\demo
2025/06/12 06:02:17 Reading tool data
2025/06/12 06:02:17 Reading "C:\\Users\\oncioiu\\Infineon\\Tools\\InfineonGUIDesigner\\2.68.0.202504300855\\resources\\tool-details.json"
2025/06/12 06:02:17 Validating tool data
2025/06/12 06:02:17 Starting tool &main.Tool{FeatureID:"com.ifx.tb.tool.oneeye3", Title:"Infineon GUI Designer - OneEye", Version:"2.68.0.202504300855", Path:"C:\\Users\\oncioiu\\Infineon\\Tools\\InfineonGUIDesigner\\2.68.0.202504300855\\bin\\bin\\InfineonGUIDesigner.exe"}
2025/06/12 06:02:17 Starting "C:\\Users\\oncioiu\\Infineon\\Tools\\InfineonGUIDesigner\\2.68.0.202504300855\\bin\\bin\\InfineonGUIDesigner.exe" with arguments []string{"-f", "C:\\dev\\oneeye_aurix_examples_ads\\workspace\\OneEye_DAS_AllInOne_1_KIT_TC499_TRB\\demo\\TC499_OneEye_DAS_AllInOne-documentation.OneEye"}
2025/06/12 06:02:17 Starting "C:\\Users\\oncioiu\\Infineon\\Tools\\InfineonGUIDesigner\\2.68.0.202504300855\\bin\\bin\\InfineonGUIDesigner.exe" in directory "C:\\Users\\oncioiu\\Infineon\\Tools\\InfineonGUIDesigner\\2.68.0.202504300855\\bin\\bin"
2025/06/12 06:02:17 Started "C:\\Users\\oncioiu\\Infineon\\Tools\\InfineonGUIDesigner\\2.68.0.202504300855\\bin\\bin\\InfineonGUIDesigner.exe" as PID 7776
2025/06/12 06:02:17 Starting Launcher Service
2025/06/12 06:02:17 Starting "C:\\Users\\oncioiu\\Infineon\\LauncherService\\idc-launcher-service.exe" with arguments []string{"-featureid", "com.ifx.tb.tool.oneeye3:2.68.0.202504300855", "-notification", "-toolbox.service", "checkUpdate com.ifx.tb.tool.oneeye3"}
2025/06/12 06:02:17 Starting "C:\\Users\\oncioiu\\Infineon\\LauncherService\\idc-launcher-service.exe" in directory "C:\\Users\\oncioiu\\Infineon\\LauncherService"
2025/06/12 06:02:17 Started "C:\\Users\\oncioiu\\Infineon\\LauncherService\\idc-launcher-service.exe" as PID 14864
2025/06/13 12:23:48 Started Launch Tool 2.0.7
2025/06/13 12:23:48 Started as PID 4788
2025/06/13 12:23:48 Started with arguments []string{"C:\\Users\\oncioiu\\Infineon\\Tools\\InfineonGUIDesigner\\2.68.0.202504300855\\resources\\launch-tool.exe", "-f", "C:\\dev\\oneeye_aurix_examples_ads\\workspace\\OneEye_DAS_AllInOne_1_KIT_TC499_TRB\\demo\\OneEye_DAS_AllInOne_1_KIT_TC499_TRB.OneEye"}
2025/06/13 12:23:48 Started in directory C:\dev\oneeye_aurix_examples_ads\workspace\OneEye_DAS_AllInOne_1_KIT_TC499_TRB\demo
2025/06/13 12:23:48 Reading tool data
2025/06/13 12:23:48 Reading "C:\\Users\\oncioiu\\Infineon\\Tools\\InfineonGUIDesigner\\2.68.0.202504300855\\resources\\tool-details.json"
2025/06/13 12:23:48 Validating tool data
2025/06/13 12:23:48 Starting tool &main.Tool{FeatureID:"com.ifx.tb.tool.oneeye3", Title:"Infineon GUI Designer - OneEye", Version:"2.68.0.202504300855", Path:"C:\\Users\\oncioiu\\Infineon\\Tools\\InfineonGUIDesigner\\2.68.0.202504300855\\bin\\bin\\InfineonGUIDesigner.exe"}
2025/06/13 12:23:48 Starting "C:\\Users\\oncioiu\\Infineon\\Tools\\InfineonGUIDesigner\\2.68.0.202504300855\\bin\\bin\\InfineonGUIDesigner.exe" with arguments []string{"-f", "C:\\dev\\oneeye_aurix_examples_ads\\workspace\\OneEye_DAS_AllInOne_1_KIT_TC499_TRB\\demo\\OneEye_DAS_AllInOne_1_KIT_TC499_TRB.OneEye"}
2025/06/13 12:23:48 Starting "C:\\Users\\oncioiu\\Infineon\\Tools\\InfineonGUIDesigner\\2.68.0.202504300855\\bin\\bin\\InfineonGUIDesigner.exe" in directory "C:\\Users\\oncioiu\\Infineon\\Tools\\InfineonGUIDesigner\\2.68.0.202504300855\\bin\\bin"
2025/06/13 12:23:48 Started "C:\\Users\\oncioiu\\Infineon\\Tools\\InfineonGUIDesigner\\2.68.0.202504300855\\bin\\bin\\InfineonGUIDesigner.exe" as PID 19256
2025/06/13 12:23:48 Starting Launcher Service
2025/06/13 12:23:48 Starting "C:\\Users\\oncioiu\\Infineon\\LauncherService\\idc-launcher-service.exe" with arguments []string{"-featureid", "com.ifx.tb.tool.oneeye3:2.68.0.202504300855", "-notification", "-toolbox.service", "checkUpdate com.ifx.tb.tool.oneeye3"}
2025/06/13 12:23:48 Starting "C:\\Users\\oncioiu\\Infineon\\LauncherService\\idc-launcher-service.exe" in directory "C:\\Users\\oncioiu\\Infineon\\LauncherService"
2025/06/13 12:23:48 Started "C:\\Users\\oncioiu\\Infineon\\LauncherService\\idc-launcher-service.exe" as PID 24000
2025/06/25 10:42:25 Started Launch Tool 2.0.7
2025/06/25 10:42:25 Started as PID 9276
2025/06/25 10:42:25 Started with arguments []string{"C:\\Users\\oncioiu\\Infineon\\Tools\\InfineonGUIDesigner\\2.68.0.202504300855\\resources\\launch-tool.exe", "-f", "C:\\dev\\oneeye_aurix_examples_ads\\workspace\\OneEye_DAS_AllInOne_1_KIT_TC499_TRB\\demo\\OneEye_DAS_AllInOne_1_KIT_TC499_TRB.OneEye"}
2025/06/25 10:42:25 Started in directory C:\dev\oneeye_aurix_examples_ads\workspace\OneEye_DAS_AllInOne_1_KIT_TC499_TRB\demo
2025/06/25 10:42:25 Reading tool data
2025/06/25 10:42:25 Reading "C:\\Users\\oncioiu\\Infineon\\Tools\\InfineonGUIDesigner\\2.68.0.202504300855\\resources\\tool-details.json"
2025/06/25 10:42:25 Validating tool data
2025/06/25 10:42:25 Starting tool &main.Tool{FeatureID:"com.ifx.tb.tool.oneeye3", Title:"Infineon GUI Designer - OneEye", Version:"2.68.0.202504300855", Path:"C:\\Users\\oncioiu\\Infineon\\Tools\\InfineonGUIDesigner\\2.68.0.202504300855\\bin\\bin\\InfineonGUIDesigner.exe"}
2025/06/25 10:42:25 Starting "C:\\Users\\oncioiu\\Infineon\\Tools\\InfineonGUIDesigner\\2.68.0.202504300855\\bin\\bin\\InfineonGUIDesigner.exe" with arguments []string{"-f", "C:\\dev\\oneeye_aurix_examples_ads\\workspace\\OneEye_DAS_AllInOne_1_KIT_TC499_TRB\\demo\\OneEye_DAS_AllInOne_1_KIT_TC499_TRB.OneEye"}
2025/06/25 10:42:25 Starting "C:\\Users\\oncioiu\\Infineon\\Tools\\InfineonGUIDesigner\\2.68.0.202504300855\\bin\\bin\\InfineonGUIDesigner.exe" in directory "C:\\Users\\oncioiu\\Infineon\\Tools\\InfineonGUIDesigner\\2.68.0.202504300855\\bin\\bin"
2025/06/25 10:42:25 Started "C:\\Users\\oncioiu\\Infineon\\Tools\\InfineonGUIDesigner\\2.68.0.202504300855\\bin\\bin\\InfineonGUIDesigner.exe" as PID 25540
2025/06/25 10:42:25 Starting Launcher Service
2025/06/25 10:42:25 Starting "C:\\Users\\oncioiu\\Infineon\\LauncherService\\idc-launcher-service.exe" with arguments []string{"-featureid", "com.ifx.tb.tool.oneeye3:2.68.0.202504300855", "-notification", "-toolbox.service", "checkUpdate com.ifx.tb.tool.oneeye3"}
2025/06/25 10:42:25 Starting "C:\\Users\\oncioiu\\Infineon\\LauncherService\\idc-launcher-service.exe" in directory "C:\\Users\\oncioiu\\Infineon\\LauncherService"
2025/06/25 10:42:25 Started "C:\\Users\\oncioiu\\Infineon\\LauncherService\\idc-launcher-service.exe" as PID 24012
